#
# There is insufficient memory for the Java Runtime Environment to continue.
# Native memory allocation (mmap) failed to map 32505856 bytes. Error detail: G1 virtual space
# Possible reasons:
#   The system is out of physical RAM or swap space
#   This process is running with CompressedOops enabled, and the Java Heap may be blocking the growth of the native heap
# Possible solutions:
#   Reduce memory load on the system
#   Increase physical memory or swap space
#   Check if swap backing store is full
#   Decrease Java heap size (-Xmx/-Xms)
#   Decrease number of Java threads
#   Decrease Java thread stack sizes (-Xss)
#   Set larger code cache with -XX:ReservedCodeCacheSize=
#   JVM is running with Unscaled Compressed Oops mode in which the Java heap is
#     placed in the first 4GB address space. The Java Heap base address is the
#     maximum limit for the native heap growth. Please use -XX:HeapBaseMinAddress
#     to set the Java Heap base and to place the Java Heap above 4GB virtual address.
# This output file may be truncated or incomplete.
#
#  Out of Memory Error (os_windows.cpp:3616), pid=53640, tid=53780
#
# JRE version: OpenJDK Runtime Environment Temurin-21.0.5+11 (21.0.5+11) (build 21.0.5+11-LTS)
# Java VM: OpenJDK 64-Bit Server VM Temurin-21.0.5+11 (21.0.5+11-LTS, mixed mode, sharing, tiered, compressed oops, compressed class ptrs, g1 gc, windows-amd64)
# No core dump will be written. Minidumps are not enabled by default on client versions of Windows
#

---------------  S U M M A R Y ------------

Command Line: --add-opens=java.base/java.util=ALL-UNNAMED --add-opens=java.base/java.lang=ALL-UNNAMED --add-opens=java.base/java.lang.invoke=ALL-UNNAMED --add-opens=java.prefs/java.util.prefs=ALL-UNNAMED --add-exports=jdk.compiler/com.sun.tools.javac.api=ALL-UNNAMED --add-exports=jdk.compiler/com.sun.tools.javac.util=ALL-UNNAMED --add-opens=java.base/java.nio.charset=ALL-UNNAMED --add-opens=java.base/java.net=ALL-UNNAMED --add-opens=java.base/java.util.concurrent.atomic=ALL-UNNAMED -Xmx2048m -Dfile.encoding=UTF-8 -Duser.country=ID -Duser.language=en -Duser.variant -javaagent:C:\Users\Lenovo\.gradle\wrapper\dists\gradle-8.10.2-bin\a04bxjujx95o3nb99gddekhwo\gradle-8.10.2\lib\agents\gradle-instrumentation-agent-8.10.2.jar org.gradle.launcher.daemon.bootstrap.GradleDaemon 8.10.2

Host: AMD Ryzen 3 7320U with Radeon Graphics         , 8 cores, 5G,  Windows 11 , 64 bit Build 26100 (10.0.26100.3037)
Time: Thu Jan 30 20:21:53 2025 SE Asia Standard Time elapsed time: 154.600069 seconds (0d 0h 2m 34s)

---------------  T H R E A D  ---------------

Current thread (0x0000028a316e0ad0):  VMThread "VM Thread"          [id=53780, stack(0x000000e052600000,0x000000e052700000) (1024K)]

Stack: [0x000000e052600000,0x000000e052700000]
Native frames: (J=compiled Java code, j=interpreted, Vv=VM code, C=native code)
V  [jvm.dll+0x6cd4e9]
V  [jvm.dll+0x8a7941]
V  [jvm.dll+0x8a9e6e]
V  [jvm.dll+0x8aa543]
V  [jvm.dll+0x27f6d6]
V  [jvm.dll+0x6c9c25]
V  [jvm.dll+0x6be84a]
V  [jvm.dll+0x355c6a]
V  [jvm.dll+0x35d836]
V  [jvm.dll+0x3af40e]
V  [jvm.dll+0x3af6b8]
V  [jvm.dll+0x329dfc]
V  [jvm.dll+0x329e87]
V  [jvm.dll+0x36dc4c]
V  [jvm.dll+0x36c498]
V  [jvm.dll+0x3295c1]
V  [jvm.dll+0x36bb0a]
V  [jvm.dll+0x8b025f]
V  [jvm.dll+0x8b15e4]
V  [jvm.dll+0x8b1b20]
V  [jvm.dll+0x8b1dc3]
V  [jvm.dll+0x8514fb]
V  [jvm.dll+0x6cbbed]
C  [ucrtbase.dll+0x37b0]
C  [KERNEL32.DLL+0x2e8d7]
C  [ntdll.dll+0xbbf2c]

VM_Operation (0x000000e053bf5d50): G1CollectForAllocation, mode: safepoint, requested by thread 0x0000028a3176a9c0


---------------  P R O C E S S  ---------------

Threads class SMR info:
_java_thread_list=0x0000028a7971a200, length=64, elements={
0x0000028a19640c50, 0x0000028a316fe770, 0x0000028a316ff2c0, 0x0000028a3170b070,
0x0000028a3170c7e0, 0x0000028a3170d230, 0x0000028a3170dc80, 0x0000028a31712d60,
0x0000028a31713f70, 0x0000028a316d2da0, 0x0000028a31aaf130, 0x0000028a770da460,
0x0000028a77ac4f60, 0x0000028a7773c990, 0x0000028a7849d550, 0x0000028a7849dbb0,
0x0000028a77c82500, 0x0000028a3176a9c0, 0x0000028a3176b020, 0x0000028a31b0d2a0,
0x0000028a31b0e650, 0x0000028a31b0ece0, 0x0000028a31b0c580, 0x0000028a31b0d930,
0x0000028a31b0fa00, 0x0000028a31b0cc10, 0x0000028a78b46ed0, 0x0000028a78b46840,
0x0000028a78b48280, 0x0000028a78b47560, 0x0000028a78b47bf0, 0x0000028a78b461b0,
0x0000028a78b48910, 0x0000028a78b48fa0, 0x0000028a78b49630, 0x0000028a79399c80,
0x0000028a793995f0, 0x0000028a7939a9a0, 0x0000028a79397520, 0x0000028a79397bb0,
0x0000028a792ad060, 0x0000028a792aeaa0, 0x0000028a792af130, 0x0000028a792af7c0,
0x0000028a792b1200, 0x0000028a792afe50, 0x0000028a792b04e0, 0x0000028a792b0b70,
0x0000028a792add80, 0x0000028a792b1890, 0x0000028a792b3ff0, 0x0000028a792b4680,
0x0000028a792b2c40, 0x0000028a792b3960, 0x0000028a792b1f20, 0x0000028a7a9c0200,
0x0000028a7a9bee50, 0x0000028a7a9c0f20, 0x0000028a7a9bf4e0, 0x0000028a7a9bdaa0,
0x0000028a7a9bfb70, 0x0000028a7a9c0890, 0x0000028a7ad89870, 0x0000028a792b32d0
}

Java Threads: ( => current thread )
  0x0000028a19640c50 JavaThread "main"                              [_thread_blocked, id=53744, stack(0x000000e051f00000,0x000000e052000000) (1024K)]
  0x0000028a316fe770 JavaThread "Reference Handler"          daemon [_thread_blocked, id=53784, stack(0x000000e052700000,0x000000e052800000) (1024K)]
  0x0000028a316ff2c0 JavaThread "Finalizer"                  daemon [_thread_blocked, id=53788, stack(0x000000e052800000,0x000000e052900000) (1024K)]
  0x0000028a3170b070 JavaThread "Signal Dispatcher"          daemon [_thread_blocked, id=53792, stack(0x000000e052900000,0x000000e052a00000) (1024K)]
  0x0000028a3170c7e0 JavaThread "Attach Listener"            daemon [_thread_blocked, id=53796, stack(0x000000e052a00000,0x000000e052b00000) (1024K)]
  0x0000028a3170d230 JavaThread "Service Thread"             daemon [_thread_blocked, id=53800, stack(0x000000e052b00000,0x000000e052c00000) (1024K)]
  0x0000028a3170dc80 JavaThread "Monitor Deflation Thread"   daemon [_thread_blocked, id=53804, stack(0x000000e052c00000,0x000000e052d00000) (1024K)]
  0x0000028a31712d60 JavaThread "C2 CompilerThread0"         daemon [_thread_blocked, id=53808, stack(0x000000e052d00000,0x000000e052e00000) (1024K)]
  0x0000028a31713f70 JavaThread "C1 CompilerThread0"         daemon [_thread_blocked, id=53812, stack(0x000000e052e00000,0x000000e052f00000) (1024K)]
  0x0000028a316d2da0 JavaThread "Common-Cleaner"             daemon [_thread_blocked, id=53820, stack(0x000000e052f00000,0x000000e053000000) (1024K)]
  0x0000028a31aaf130 JavaThread "Notification Thread"        daemon [_thread_blocked, id=53844, stack(0x000000e053000000,0x000000e053100000) (1024K)]
  0x0000028a770da460 JavaThread "Daemon health stats"               [_thread_blocked, id=54004, stack(0x000000e053500000,0x000000e053600000) (1024K)]
  0x0000028a77ac4f60 JavaThread "Incoming local TCP Connector on port 56727"        [_thread_in_native, id=54020, stack(0x000000e053600000,0x000000e053700000) (1024K)]
  0x0000028a7773c990 JavaThread "Daemon periodic checks"            [_thread_blocked, id=54032, stack(0x000000e053700000,0x000000e053800000) (1024K)]
  0x0000028a7849d550 JavaThread "Daemon"                            [_thread_blocked, id=54072, stack(0x000000e053800000,0x000000e053900000) (1024K)]
  0x0000028a7849dbb0 JavaThread "Handler for socket connection from /127.0.0.1:56727 to /127.0.0.1:56730"        [_thread_in_native, id=54076, stack(0x000000e053900000,0x000000e053a00000) (1024K)]
  0x0000028a77c82500 JavaThread "Cancel handler"                    [_thread_blocked, id=54108, stack(0x000000e053a00000,0x000000e053b00000) (1024K)]
  0x0000028a3176a9c0 JavaThread "Daemon worker"                     [_thread_blocked, id=54112, stack(0x000000e053b00000,0x000000e053c00000) (1024K)]
  0x0000028a3176b020 JavaThread "Asynchronous log dispatcher for DefaultDaemonConnection: socket connection from /127.0.0.1:56727 to /127.0.0.1:56730"        [_thread_blocked, id=54116, stack(0x000000e053c00000,0x000000e053d00000) (1024K)]
  0x0000028a31b0d2a0 JavaThread "Stdin handler"                     [_thread_blocked, id=54120, stack(0x000000e053d00000,0x000000e053e00000) (1024K)]
  0x0000028a31b0e650 JavaThread "Daemon client event forwarder"        [_thread_blocked, id=54124, stack(0x000000e053e00000,0x000000e053f00000) (1024K)]
  0x0000028a31b0ece0 JavaThread "Cache worker for journal cache (C:\Users\Lenovo\.gradle\caches\journal-1)"        [_thread_blocked, id=54240, stack(0x000000e053f00000,0x000000e054000000) (1024K)]
  0x0000028a31b0c580 JavaThread "File lock request listener"        [_thread_blocked, id=54248, stack(0x000000e054000000,0x000000e054100000) (1024K)]
  0x0000028a31b0d930 JavaThread "Cache worker for file hash cache (C:\Users\Lenovo\.gradle\caches\8.10.2\fileHashes)"        [_thread_blocked, id=53336, stack(0x000000e054400000,0x000000e054500000) (1024K)]
  0x0000028a31b0fa00 JavaThread "Cache worker for file hash cache (C:\Users\Lenovo\AndroidStudioProjects\BookApp\.gradle\8.10.2\fileHashes)"        [_thread_blocked, id=53876, stack(0x000000e054700000,0x000000e054800000) (1024K)]
  0x0000028a31b0cc10 JavaThread "Cache worker for Build Output Cleanup Cache (C:\Users\Lenovo\AndroidStudioProjects\BookApp\.gradle\buildOutputCleanup)"        [_thread_blocked, id=53940, stack(0x000000e054800000,0x000000e054900000) (1024K)]
  0x0000028a78b46ed0 JavaThread "File watcher server"        daemon [_thread_blocked, id=53900, stack(0x000000e054900000,0x000000e054a00000) (1024K)]
  0x0000028a78b46840 JavaThread "File watcher consumer"      daemon [_thread_blocked, id=53888, stack(0x000000e054a00000,0x000000e054b00000) (1024K)]
  0x0000028a78b48280 JavaThread "jar transforms"                    [_thread_blocked, id=53996, stack(0x000000e054b00000,0x000000e054c00000) (1024K)]
  0x0000028a78b47560 JavaThread "jar transforms Thread 2"           [_thread_blocked, id=53948, stack(0x000000e054c00000,0x000000e054d00000) (1024K)]
  0x0000028a78b47bf0 JavaThread "jar transforms Thread 3"           [_thread_blocked, id=54012, stack(0x000000e054d00000,0x000000e054e00000) (1024K)]
  0x0000028a78b461b0 JavaThread "Cache worker for checksums cache (C:\Users\Lenovo\AndroidStudioProjects\BookApp\.gradle\8.10.2\checksums)"        [_thread_blocked, id=21680, stack(0x000000e054e00000,0x000000e054f00000) (1024K)]
  0x0000028a78b48910 JavaThread "Cache worker for file content cache (C:\Users\Lenovo\.gradle\caches\8.10.2\fileContent)"        [_thread_blocked, id=39640, stack(0x000000e054f00000,0x000000e055000000) (1024K)]
  0x0000028a78b48fa0 JavaThread "Cache worker for cache directory md-rule (C:\Users\Lenovo\.gradle\caches\8.10.2\md-rule)"        [_thread_blocked, id=54040, stack(0x000000e055000000,0x000000e055100000) (1024K)]
  0x0000028a78b49630 JavaThread "Cache worker for cache directory md-supplier (C:\Users\Lenovo\.gradle\caches\8.10.2\md-supplier)"        [_thread_blocked, id=50384, stack(0x000000e055100000,0x000000e055200000) (1024K)]
  0x0000028a79399c80 JavaThread "jar transforms Thread 4"           [_thread_blocked, id=1768, stack(0x000000e055200000,0x000000e055300000) (1024K)]
  0x0000028a793995f0 JavaThread "jar transforms Thread 5"           [_thread_blocked, id=50780, stack(0x000000e055300000,0x000000e055400000) (1024K)]
  0x0000028a7939a9a0 JavaThread "jar transforms Thread 6"           [_thread_blocked, id=52516, stack(0x000000e055400000,0x000000e055500000) (1024K)]
  0x0000028a79397520 JavaThread "jar transforms Thread 7"           [_thread_blocked, id=28372, stack(0x000000e055500000,0x000000e055600000) (1024K)]
  0x0000028a79397bb0 JavaThread "jar transforms Thread 8"           [_thread_blocked, id=49616, stack(0x000000e055600000,0x000000e055700000) (1024K)]
  0x0000028a792ad060 JavaThread "Unconstrained build operations"        [_thread_blocked, id=32668, stack(0x000000e051c00000,0x000000e051d00000) (1024K)]
  0x0000028a792aeaa0 JavaThread "Unconstrained build operations Thread 2"        [_thread_blocked, id=38752, stack(0x000000e051d00000,0x000000e051e00000) (1024K)]
  0x0000028a792af130 JavaThread "Unconstrained build operations Thread 3"        [_thread_blocked, id=49980, stack(0x000000e051e00000,0x000000e051f00000) (1024K)]
  0x0000028a792af7c0 JavaThread "Unconstrained build operations Thread 4"        [_thread_blocked, id=44576, stack(0x000000e055700000,0x000000e055800000) (1024K)]
  0x0000028a792b1200 JavaThread "Unconstrained build operations Thread 5"        [_thread_blocked, id=43280, stack(0x000000e055800000,0x000000e055900000) (1024K)]
  0x0000028a792afe50 JavaThread "Unconstrained build operations Thread 6"        [_thread_blocked, id=50136, stack(0x000000e055900000,0x000000e055a00000) (1024K)]
  0x0000028a792b04e0 JavaThread "Unconstrained build operations Thread 7"        [_thread_blocked, id=53244, stack(0x000000e055a00000,0x000000e055b00000) (1024K)]
  0x0000028a792b0b70 JavaThread "File lock release action executor Thread 2"        [_thread_blocked, id=49340, stack(0x000000e055b00000,0x000000e055c00000) (1024K)]
  0x0000028a792add80 JavaThread "Unconstrained build operations Thread 8"        [_thread_blocked, id=30396, stack(0x000000e055c00000,0x000000e055d00000) (1024K)]
  0x0000028a792b1890 JavaThread "Unconstrained build operations Thread 9"        [_thread_blocked, id=54172, stack(0x000000e055d00000,0x000000e055e00000) (1024K)]
  0x0000028a792b3ff0 JavaThread "Unconstrained build operations Thread 10"        [_thread_blocked, id=42124, stack(0x000000e055e00000,0x000000e055f00000) (1024K)]
  0x0000028a792b4680 JavaThread "Unconstrained build operations Thread 11"        [_thread_blocked, id=54152, stack(0x000000e055f00000,0x000000e056000000) (1024K)]
  0x0000028a792b2c40 JavaThread "Unconstrained build operations Thread 12"        [_thread_blocked, id=50344, stack(0x000000e056000000,0x000000e056100000) (1024K)]
  0x0000028a792b3960 JavaThread "Unconstrained build operations Thread 13"        [_thread_blocked, id=52880, stack(0x000000e056100000,0x000000e056200000) (1024K)]
  0x0000028a792b1f20 JavaThread "Unconstrained build operations Thread 14"        [_thread_blocked, id=53092, stack(0x000000e056200000,0x000000e056300000) (1024K)]
  0x0000028a7a9c0200 JavaThread "Unconstrained build operations Thread 15"        [_thread_blocked, id=50204, stack(0x000000e056300000,0x000000e056400000) (1024K)]
  0x0000028a7a9bee50 JavaThread "Unconstrained build operations Thread 16"        [_thread_blocked, id=22620, stack(0x000000e056400000,0x000000e056500000) (1024K)]
  0x0000028a7a9c0f20 JavaThread "Unconstrained build operations Thread 17"        [_thread_blocked, id=45332, stack(0x000000e056500000,0x000000e056600000) (1024K)]
  0x0000028a7a9bf4e0 JavaThread "Unconstrained build operations Thread 18"        [_thread_blocked, id=53660, stack(0x000000e056600000,0x000000e056700000) (1024K)]
  0x0000028a7a9bdaa0 JavaThread "Unconstrained build operations Thread 19"        [_thread_blocked, id=38772, stack(0x000000e056700000,0x000000e056800000) (1024K)]
  0x0000028a7a9bfb70 JavaThread "Unconstrained build operations Thread 20"        [_thread_blocked, id=49208, stack(0x000000e056800000,0x000000e056900000) (1024K)]
  0x0000028a7a9c0890 JavaThread "Unconstrained build operations Thread 21"        [_thread_blocked, id=49848, stack(0x000000e056900000,0x000000e056a00000) (1024K)]
  0x0000028a7ad89870 JavaThread "Memory manager"                    [_thread_blocked, id=49228, stack(0x000000e056a00000,0x000000e056b00000) (1024K)]
  0x0000028a792b32d0 JavaThread "build event listener"              [_thread_blocked, id=54188, stack(0x000000e056b00000,0x000000e056c00000) (1024K)]
Total: 64

Other Threads:
=>0x0000028a316e0ad0 VMThread "VM Thread"                           [id=53780, stack(0x000000e052600000,0x000000e052700000) (1024K)]
  0x0000028a316d1d50 WatcherThread "VM Periodic Task Thread"        [id=53776, stack(0x000000e052500000,0x000000e052600000) (1024K)]
  0x0000028a19698b60 WorkerThread "GC Thread#0"                     [id=53748, stack(0x000000e052000000,0x000000e052100000) (1024K)]
  0x0000028a7710a930 WorkerThread "GC Thread#1"                     [id=53864, stack(0x000000e053100000,0x000000e053200000) (1024K)]
  0x0000028a7719acc0 WorkerThread "GC Thread#2"                     [id=53868, stack(0x000000e053200000,0x000000e053300000) (1024K)]
  0x0000028a31beca80 WorkerThread "GC Thread#3"                     [id=53872, stack(0x000000e053300000,0x000000e053400000) (1024K)]
  0x0000028a31a0da80 WorkerThread "GC Thread#4"                     [id=53972, stack(0x000000e053400000,0x000000e053500000) (1024K)]
  0x0000028a7890e140 WorkerThread "GC Thread#5"                     [id=53308, stack(0x000000e054100000,0x000000e054200000) (1024K)]
  0x0000028a77ab14e0 WorkerThread "GC Thread#6"                     [id=53312, stack(0x000000e054200000,0x000000e054300000) (1024K)]
  0x0000028a78ac2830 WorkerThread "GC Thread#7"                     [id=53316, stack(0x000000e054300000,0x000000e054400000) (1024K)]
  0x0000028a196a9a50 ConcurrentGCThread "G1 Main Marker"            [id=53752, stack(0x000000e052100000,0x000000e052200000) (1024K)]
  0x0000028a196aa460 WorkerThread "G1 Conc#0"                       [id=53756, stack(0x000000e052200000,0x000000e052300000) (1024K)]
  0x0000028a78ac1270 WorkerThread "G1 Conc#1"                       [id=52676, stack(0x000000e054600000,0x000000e054700000) (1024K)]
  0x0000028a3159f140 ConcurrentGCThread "G1 Refine#0"               [id=53760, stack(0x000000e052300000,0x000000e052400000) (1024K)]
  0x0000028a3159fbc0 ConcurrentGCThread "G1 Service"                [id=53764, stack(0x000000e052400000,0x000000e052500000) (1024K)]
Total: 15

Threads with active compile tasks:
Total: 0

VM state: at safepoint (normal execution)

VM Mutex/Monitor currently owned by a thread:  ([mutex/lock_event])
[0x00007ffea7cad380] Threads_lock - owner thread: 0x0000028a316e0ad0
[0x00007ffea7cad480] Heap_lock - owner thread: 0x0000028a3176a9c0

Heap address: 0x0000000080000000, size: 2048 MB, Compressed Oops mode: 32-bit

CDS archive(s) mapped at: [0x0000028a32000000-0x0000028a32ba0000-0x0000028a32ba0000), size 12189696, SharedBaseAddress: 0x0000028a32000000, ArchiveRelocationMode: 1.
Compressed class space mapped at: 0x0000028a33000000-0x0000028a73000000, reserved size: 1073741824
Narrow klass base: 0x0000028a32000000, Narrow klass shift: 0, Narrow klass range: 0x100000000

GC Precious Log:
 CardTable entry size: 512
 Card Set container configuration: InlinePtr #cards 5 size 8 Array Of Cards #cards 12 size 40 Howl #buckets 4 coarsen threshold 1843 Howl Bitmap #cards 512 size 80 coarsen threshold 460 Card regions per heap region 1 cards per card region 2048
 CPUs: 8 total, 8 available
 Memory: 5877M
 Large Page Support: Disabled
 NUMA Support: Disabled
 Compressed Oops: Enabled (32-bit)
 Heap Region Size: 1M
 Heap Min Capacity: 8M
 Heap Initial Capacity: 92M
 Heap Max Capacity: 2G
 Pre-touch: Disabled
 Parallel Workers: 8
 Concurrent Workers: 2
 Concurrent Refinement Workers: 8
 Periodic GC: Disabled

Heap:
 garbage-first heap   total 155648K, used 92906K [0x0000000080000000, 0x0000000100000000)
  region size 1024K, 2 young (2048K), 2 survivors (2048K)
 Metaspace       used 79302K, committed 81408K, reserved 1179648K
  class space    used 10893K, committed 11968K, reserved 1048576K

Heap Regions: E=young(eden), S=young(survivor), O=old, HS=humongous(starts), HC=humongous(continues), CS=collection set, F=free, TAMS=top-at-mark-start, PB=parsable bottom
|   0|0x0000000080000000, 0x0000000080100000, 0x0000000080100000|100%| O|  |TAMS 0x0000000080000000| PB 0x0000000080000000| Untracked 
|   1|0x0000000080100000, 0x0000000080200000, 0x0000000080200000|100%| O|  |TAMS 0x0000000080100000| PB 0x0000000080100000| Untracked 
|   2|0x0000000080200000, 0x0000000080300000, 0x0000000080300000|100%|HS|  |TAMS 0x0000000080200000| PB 0x0000000080200000| Complete 
|   3|0x0000000080300000, 0x0000000080400000, 0x0000000080400000|100%|HC|  |TAMS 0x0000000080300000| PB 0x0000000080300000| Complete 
|   4|0x0000000080400000, 0x0000000080500000, 0x0000000080500000|100%|HC|  |TAMS 0x0000000080400000| PB 0x0000000080400000| Complete 
|   5|0x0000000080500000, 0x0000000080600000, 0x0000000080600000|100%|HC|  |TAMS 0x0000000080500000| PB 0x0000000080500000| Complete 
|   6|0x0000000080600000, 0x0000000080700000, 0x0000000080700000|100%| O|  |TAMS 0x0000000080600000| PB 0x0000000080600000| Untracked 
|   7|0x0000000080700000, 0x0000000080800000, 0x0000000080800000|100%| O|  |TAMS 0x0000000080700000| PB 0x0000000080700000| Untracked 
|   8|0x0000000080800000, 0x0000000080900000, 0x0000000080900000|100%| O|  |TAMS 0x0000000080800000| PB 0x0000000080800000| Untracked 
|   9|0x0000000080900000, 0x0000000080a00000, 0x0000000080a00000|100%|HS|  |TAMS 0x0000000080900000| PB 0x0000000080900000| Complete 
|  10|0x0000000080a00000, 0x0000000080b00000, 0x0000000080b00000|100%| O|  |TAMS 0x0000000080a00000| PB 0x0000000080a00000| Untracked 
|  11|0x0000000080b00000, 0x0000000080c00000, 0x0000000080c00000|100%| O|  |TAMS 0x0000000080b00000| PB 0x0000000080b00000| Untracked 
|  12|0x0000000080c00000, 0x0000000080d00000, 0x0000000080d00000|100%| O|  |TAMS 0x0000000080c00000| PB 0x0000000080c00000| Untracked 
|  13|0x0000000080d00000, 0x0000000080e00000, 0x0000000080e00000|100%| O|  |TAMS 0x0000000080d00000| PB 0x0000000080d00000| Untracked 
|  14|0x0000000080e00000, 0x0000000080f00000, 0x0000000080f00000|100%| O|  |TAMS 0x0000000080e00000| PB 0x0000000080e00000| Untracked 
|  15|0x0000000080f00000, 0x0000000081000000, 0x0000000081000000|100%| O|  |TAMS 0x0000000080f00000| PB 0x0000000080f00000| Untracked 
|  16|0x0000000081000000, 0x0000000081100000, 0x0000000081100000|100%| O|  |TAMS 0x0000000081000000| PB 0x0000000081000000| Untracked 
|  17|0x0000000081100000, 0x0000000081200000, 0x0000000081200000|100%| O|  |TAMS 0x0000000081100000| PB 0x0000000081100000| Untracked 
|  18|0x0000000081200000, 0x0000000081300000, 0x0000000081300000|100%| O|  |TAMS 0x0000000081200000| PB 0x0000000081200000| Untracked 
|  19|0x0000000081300000, 0x0000000081400000, 0x0000000081400000|100%| O|  |TAMS 0x0000000081300000| PB 0x0000000081300000| Untracked 
|  20|0x0000000081400000, 0x0000000081500000, 0x0000000081500000|100%| O|  |TAMS 0x0000000081400000| PB 0x0000000081400000| Untracked 
|  21|0x0000000081500000, 0x0000000081600000, 0x0000000081600000|100%| O|  |TAMS 0x0000000081500000| PB 0x0000000081500000| Untracked 
|  22|0x0000000081600000, 0x0000000081700000, 0x0000000081700000|100%| O|  |TAMS 0x0000000081600000| PB 0x0000000081600000| Untracked 
|  23|0x0000000081700000, 0x0000000081800000, 0x0000000081800000|100%| O|  |TAMS 0x0000000081700000| PB 0x0000000081700000| Untracked 
|  24|0x0000000081800000, 0x0000000081900000, 0x0000000081900000|100%| O|  |TAMS 0x0000000081800000| PB 0x0000000081800000| Untracked 
|  25|0x0000000081900000, 0x0000000081a00000, 0x0000000081a00000|100%| O|  |TAMS 0x0000000081900000| PB 0x0000000081900000| Untracked 
|  26|0x0000000081a00000, 0x0000000081b00000, 0x0000000081b00000|100%| O|  |TAMS 0x0000000081a00000| PB 0x0000000081a00000| Untracked 
|  27|0x0000000081b00000, 0x0000000081c00000, 0x0000000081c00000|100%| O|  |TAMS 0x0000000081b00000| PB 0x0000000081b00000| Untracked 
|  28|0x0000000081c00000, 0x0000000081d00000, 0x0000000081d00000|100%| O|  |TAMS 0x0000000081c00000| PB 0x0000000081c00000| Untracked 
|  29|0x0000000081d00000, 0x0000000081e00000, 0x0000000081e00000|100%| O|  |TAMS 0x0000000081d00000| PB 0x0000000081d00000| Untracked 
|  30|0x0000000081e00000, 0x0000000081f00000, 0x0000000081f00000|100%| O|  |TAMS 0x0000000081e00000| PB 0x0000000081e00000| Untracked 
|  31|0x0000000081f00000, 0x0000000082000000, 0x0000000082000000|100%| O|  |TAMS 0x0000000081f00000| PB 0x0000000081f00000| Untracked 
|  32|0x0000000082000000, 0x0000000082100000, 0x0000000082100000|100%| O|  |TAMS 0x0000000082000000| PB 0x0000000082000000| Untracked 
|  33|0x0000000082100000, 0x0000000082200000, 0x0000000082200000|100%| O|  |TAMS 0x0000000082100000| PB 0x0000000082100000| Untracked 
|  34|0x0000000082200000, 0x0000000082300000, 0x0000000082300000|100%| O|  |TAMS 0x0000000082200000| PB 0x0000000082200000| Untracked 
|  35|0x0000000082300000, 0x0000000082400000, 0x0000000082400000|100%| O|  |TAMS 0x0000000082300000| PB 0x0000000082300000| Untracked 
|  36|0x0000000082400000, 0x0000000082500000, 0x0000000082500000|100%| O|  |TAMS 0x0000000082400000| PB 0x0000000082400000| Untracked 
|  37|0x0000000082500000, 0x0000000082600000, 0x0000000082600000|100%| O|  |TAMS 0x0000000082500000| PB 0x0000000082500000| Untracked 
|  38|0x0000000082600000, 0x0000000082700000, 0x0000000082700000|100%| O|  |TAMS 0x0000000082600000| PB 0x0000000082600000| Untracked 
|  39|0x0000000082700000, 0x0000000082800000, 0x0000000082800000|100%| O|  |TAMS 0x0000000082700000| PB 0x0000000082700000| Untracked 
|  40|0x0000000082800000, 0x0000000082900000, 0x0000000082900000|100%| O|  |TAMS 0x0000000082800000| PB 0x0000000082800000| Untracked 
|  41|0x0000000082900000, 0x0000000082a00000, 0x0000000082a00000|100%|HS|  |TAMS 0x0000000082900000| PB 0x0000000082900000| Complete 
|  42|0x0000000082a00000, 0x0000000082b00000, 0x0000000082b00000|100%| O|  |TAMS 0x0000000082a00000| PB 0x0000000082a00000| Untracked 
|  43|0x0000000082b00000, 0x0000000082c00000, 0x0000000082c00000|100%| O|  |TAMS 0x0000000082b00000| PB 0x0000000082b00000| Untracked 
|  44|0x0000000082c00000, 0x0000000082d00000, 0x0000000082d00000|100%| O|  |TAMS 0x0000000082c00000| PB 0x0000000082c00000| Untracked 
|  45|0x0000000082d00000, 0x0000000082e00000, 0x0000000082e00000|100%| O|  |TAMS 0x0000000082d00000| PB 0x0000000082d00000| Untracked 
|  46|0x0000000082e00000, 0x0000000082f00000, 0x0000000082f00000|100%| O|  |TAMS 0x0000000082e00000| PB 0x0000000082e00000| Untracked 
|  47|0x0000000082f00000, 0x0000000083000000, 0x0000000083000000|100%| O|  |TAMS 0x0000000082f00000| PB 0x0000000082f00000| Untracked 
|  48|0x0000000083000000, 0x0000000083100000, 0x0000000083100000|100%|HS|  |TAMS 0x0000000083000000| PB 0x0000000083000000| Complete 
|  49|0x0000000083100000, 0x0000000083200000, 0x0000000083200000|100%|HS|  |TAMS 0x0000000083100000| PB 0x0000000083100000| Complete 
|  50|0x0000000083200000, 0x0000000083300000, 0x0000000083300000|100%| O|  |TAMS 0x0000000083200000| PB 0x0000000083200000| Untracked 
|  51|0x0000000083300000, 0x0000000083400000, 0x0000000083400000|100%| O|  |TAMS 0x0000000083300000| PB 0x0000000083300000| Untracked 
|  52|0x0000000083400000, 0x0000000083500000, 0x0000000083500000|100%| O|  |TAMS 0x0000000083400000| PB 0x0000000083400000| Untracked 
|  53|0x0000000083500000, 0x0000000083600000, 0x0000000083600000|100%|HS|  |TAMS 0x0000000083500000| PB 0x0000000083500000| Complete 
|  54|0x0000000083600000, 0x0000000083700000, 0x0000000083700000|100%|HC|  |TAMS 0x0000000083600000| PB 0x0000000083600000| Complete 
|  55|0x0000000083700000, 0x0000000083800000, 0x0000000083800000|100%|HS|  |TAMS 0x0000000083700000| PB 0x0000000083700000| Complete 
|  56|0x0000000083800000, 0x0000000083900000, 0x0000000083900000|100%|HC|  |TAMS 0x0000000083800000| PB 0x0000000083800000| Complete 
|  57|0x0000000083900000, 0x0000000083a00000, 0x0000000083a00000|100%|HS|  |TAMS 0x0000000083900000| PB 0x0000000083900000| Complete 
|  58|0x0000000083a00000, 0x0000000083b00000, 0x0000000083b00000|100%| O|  |TAMS 0x0000000083a00000| PB 0x0000000083a00000| Untracked 
|  59|0x0000000083b00000, 0x0000000083c00000, 0x0000000083c00000|100%| O|  |TAMS 0x0000000083b00000| PB 0x0000000083b00000| Untracked 
|  60|0x0000000083c00000, 0x0000000083d00000, 0x0000000083d00000|100%|HS|  |TAMS 0x0000000083c00000| PB 0x0000000083c00000| Complete 
|  61|0x0000000083d00000, 0x0000000083e00000, 0x0000000083e00000|100%|HC|  |TAMS 0x0000000083d00000| PB 0x0000000083d00000| Complete 
|  62|0x0000000083e00000, 0x0000000083f00000, 0x0000000083f00000|100%|HC|  |TAMS 0x0000000083e00000| PB 0x0000000083e00000| Complete 
|  63|0x0000000083f00000, 0x0000000084000000, 0x0000000084000000|100%|HS|  |TAMS 0x0000000083f00000| PB 0x0000000083f00000| Complete 
|  64|0x0000000084000000, 0x0000000084100000, 0x0000000084100000|100%| O|  |TAMS 0x0000000084000000| PB 0x0000000084000000| Untracked 
|  65|0x0000000084100000, 0x0000000084200000, 0x0000000084200000|100%|HS|  |TAMS 0x0000000084100000| PB 0x0000000084100000| Complete 
|  66|0x0000000084200000, 0x0000000084300000, 0x0000000084300000|100%| O|  |TAMS 0x0000000084200000| PB 0x0000000084200000| Untracked 
|  67|0x0000000084300000, 0x0000000084400000, 0x0000000084400000|100%| O|  |TAMS 0x0000000084300000| PB 0x0000000084300000| Untracked 
|  68|0x0000000084400000, 0x0000000084500000, 0x0000000084500000|100%| O|  |TAMS 0x0000000084400000| PB 0x0000000084400000| Untracked 
|  69|0x0000000084500000, 0x0000000084600000, 0x0000000084600000|100%| O|  |TAMS 0x0000000084500000| PB 0x0000000084500000| Untracked 
|  70|0x0000000084600000, 0x0000000084700000, 0x0000000084700000|100%| O|  |TAMS 0x0000000084600000| PB 0x0000000084600000| Untracked 
|  71|0x0000000084700000, 0x0000000084800000, 0x0000000084800000|100%|HS|  |TAMS 0x0000000084700000| PB 0x0000000084700000| Complete 
|  72|0x0000000084800000, 0x0000000084900000, 0x0000000084900000|100%| O|  |TAMS 0x0000000084800000| PB 0x0000000084800000| Untracked 
|  73|0x0000000084900000, 0x0000000084a00000, 0x0000000084a00000|100%| O|  |TAMS 0x0000000084900000| PB 0x0000000084900000| Untracked 
|  74|0x0000000084a00000, 0x0000000084b00000, 0x0000000084b00000|100%| O|Cm|TAMS 0x0000000084a00000| PB 0x0000000084a00000| Complete 
|  75|0x0000000084b00000, 0x0000000084c00000, 0x0000000084c00000|100%|HS|  |TAMS 0x0000000084b00000| PB 0x0000000084b00000| Complete 
|  76|0x0000000084c00000, 0x0000000084d00000, 0x0000000084d00000|100%|HC|  |TAMS 0x0000000084c00000| PB 0x0000000084c00000| Complete 
|  77|0x0000000084d00000, 0x0000000084e00000, 0x0000000084e00000|100%|HC|  |TAMS 0x0000000084d00000| PB 0x0000000084d00000| Complete 
|  78|0x0000000084e00000, 0x0000000084f00000, 0x0000000084f00000|100%| O|  |TAMS 0x0000000084e00000| PB 0x0000000084e00000| Untracked 
|  79|0x0000000084f00000, 0x0000000085000000, 0x0000000085000000|100%| O|  |TAMS 0x0000000084f00000| PB 0x0000000084f00000| Untracked 
|  80|0x0000000085000000, 0x0000000085100000, 0x0000000085100000|100%| O|  |TAMS 0x0000000085000000| PB 0x0000000085000000| Untracked 
|  81|0x0000000085100000, 0x0000000085200000, 0x0000000085200000|100%| O|  |TAMS 0x0000000085100000| PB 0x0000000085100000| Untracked 
|  82|0x0000000085200000, 0x0000000085300000, 0x0000000085300000|100%| O|  |TAMS 0x0000000085200000| PB 0x0000000085200000| Untracked 
|  83|0x0000000085300000, 0x0000000085400000, 0x0000000085400000|100%| O|  |TAMS 0x0000000085300000| PB 0x0000000085300000| Untracked 
|  84|0x0000000085400000, 0x000000008547d660, 0x0000000085500000| 48%| O|  |TAMS 0x0000000085400000| PB 0x0000000085400000| Untracked 
|  85|0x0000000085500000, 0x0000000085500000, 0x0000000085600000|  0%| F|  |TAMS 0x0000000085500000| PB 0x0000000085500000| Untracked 
|  86|0x0000000085600000, 0x0000000085600000, 0x0000000085700000|  0%| F|  |TAMS 0x0000000085600000| PB 0x0000000085600000| Untracked 
|  87|0x0000000085700000, 0x0000000085700000, 0x0000000085800000|  0%| F|  |TAMS 0x0000000085700000| PB 0x0000000085700000| Untracked 
|  88|0x0000000085800000, 0x0000000085800000, 0x0000000085900000|  0%| F|  |TAMS 0x0000000085800000| PB 0x0000000085800000| Untracked 
|  89|0x0000000085900000, 0x0000000085900000, 0x0000000085a00000|  0%| F|  |TAMS 0x0000000085900000| PB 0x0000000085900000| Untracked 
|  90|0x0000000085a00000, 0x0000000085a00000, 0x0000000085b00000|  0%| F|  |TAMS 0x0000000085a00000| PB 0x0000000085a00000| Untracked 
|  91|0x0000000085b00000, 0x0000000085b00000, 0x0000000085c00000|  0%| F|  |TAMS 0x0000000085b00000| PB 0x0000000085b00000| Untracked 
|  92|0x0000000085c00000, 0x0000000085c00000, 0x0000000085d00000|  0%| F|  |TAMS 0x0000000085c00000| PB 0x0000000085c00000| Untracked 
|  93|0x0000000085d00000, 0x0000000085d00000, 0x0000000085e00000|  0%| F|  |TAMS 0x0000000085d00000| PB 0x0000000085d00000| Untracked 
|  94|0x0000000085e00000, 0x0000000085e00000, 0x0000000085f00000|  0%| F|  |TAMS 0x0000000085e00000| PB 0x0000000085e00000| Untracked 
|  95|0x0000000085f00000, 0x0000000085f00000, 0x0000000086000000|  0%| F|  |TAMS 0x0000000085f00000| PB 0x0000000085f00000| Untracked 
|  96|0x0000000086000000, 0x0000000086000000, 0x0000000086100000|  0%| F|  |TAMS 0x0000000086000000| PB 0x0000000086000000| Untracked 
|  97|0x0000000086100000, 0x0000000086100000, 0x0000000086200000|  0%| F|  |TAMS 0x0000000086100000| PB 0x0000000086100000| Untracked 
|  98|0x0000000086200000, 0x0000000086200000, 0x0000000086300000|  0%| F|  |TAMS 0x0000000086200000| PB 0x0000000086200000| Untracked 
|  99|0x0000000086300000, 0x0000000086300000, 0x0000000086400000|  0%| F|  |TAMS 0x0000000086300000| PB 0x0000000086300000| Untracked 
| 100|0x0000000086400000, 0x0000000086400000, 0x0000000086500000|  0%| F|  |TAMS 0x0000000086400000| PB 0x0000000086400000| Untracked 
| 101|0x0000000086500000, 0x0000000086500000, 0x0000000086600000|  0%| F|  |TAMS 0x0000000086500000| PB 0x0000000086500000| Untracked 
| 102|0x0000000086600000, 0x0000000086600000, 0x0000000086700000|  0%| F|  |TAMS 0x0000000086600000| PB 0x0000000086600000| Untracked 
| 103|0x0000000086700000, 0x0000000086700000, 0x0000000086800000|  0%| F|  |TAMS 0x0000000086700000| PB 0x0000000086700000| Untracked 
| 104|0x0000000086800000, 0x0000000086800000, 0x0000000086900000|  0%| F|  |TAMS 0x0000000086800000| PB 0x0000000086800000| Untracked 
| 105|0x0000000086900000, 0x0000000086900000, 0x0000000086a00000|  0%| F|  |TAMS 0x0000000086900000| PB 0x0000000086900000| Untracked 
| 106|0x0000000086a00000, 0x0000000086a00000, 0x0000000086b00000|  0%| F|  |TAMS 0x0000000086a00000| PB 0x0000000086a00000| Untracked 
| 107|0x0000000086b00000, 0x0000000086b00000, 0x0000000086c00000|  0%| F|  |TAMS 0x0000000086b00000| PB 0x0000000086b00000| Untracked 
| 108|0x0000000086c00000, 0x0000000086c00000, 0x0000000086d00000|  0%| F|  |TAMS 0x0000000086c00000| PB 0x0000000086c00000| Untracked 
| 109|0x0000000086d00000, 0x0000000086d00000, 0x0000000086e00000|  0%| F|  |TAMS 0x0000000086d00000| PB 0x0000000086d00000| Untracked 
| 110|0x0000000086e00000, 0x0000000086e00000, 0x0000000086f00000|  0%| F|  |TAMS 0x0000000086e00000| PB 0x0000000086e00000| Untracked 
| 111|0x0000000086f00000, 0x0000000086f00000, 0x0000000087000000|  0%| F|  |TAMS 0x0000000086f00000| PB 0x0000000086f00000| Untracked 
| 112|0x0000000087000000, 0x0000000087000000, 0x0000000087100000|  0%| F|  |TAMS 0x0000000087000000| PB 0x0000000087000000| Untracked 
| 113|0x0000000087100000, 0x0000000087100000, 0x0000000087200000|  0%| F|  |TAMS 0x0000000087100000| PB 0x0000000087100000| Untracked 
| 114|0x0000000087200000, 0x000000008723d3b0, 0x0000000087300000| 23%| S|CS|TAMS 0x0000000087200000| PB 0x0000000087200000| Complete 
| 115|0x0000000087300000, 0x0000000087400000, 0x0000000087400000|100%| S|CS|TAMS 0x0000000087300000| PB 0x0000000087300000| Complete 
| 116|0x0000000087400000, 0x0000000087400000, 0x0000000087500000|  0%| F|  |TAMS 0x0000000087400000| PB 0x0000000087400000| Untracked 
| 117|0x0000000087500000, 0x0000000087500000, 0x0000000087600000|  0%| F|  |TAMS 0x0000000087500000| PB 0x0000000087500000| Untracked 
| 118|0x0000000087600000, 0x0000000087600000, 0x0000000087700000|  0%| F|  |TAMS 0x0000000087600000| PB 0x0000000087600000| Untracked 
| 119|0x0000000087700000, 0x0000000087700000, 0x0000000087800000|  0%| F|  |TAMS 0x0000000087700000| PB 0x0000000087700000| Untracked 
| 120|0x0000000087800000, 0x0000000087800000, 0x0000000087900000|  0%| F|  |TAMS 0x0000000087800000| PB 0x0000000087800000| Untracked 
| 121|0x0000000087900000, 0x0000000087900000, 0x0000000087a00000|  0%| F|  |TAMS 0x0000000087900000| PB 0x0000000087900000| Untracked 
| 122|0x0000000087a00000, 0x0000000087a00000, 0x0000000087b00000|  0%| F|  |TAMS 0x0000000087a00000| PB 0x0000000087a00000| Untracked 
| 123|0x0000000087b00000, 0x0000000087b00000, 0x0000000087c00000|  0%| F|  |TAMS 0x0000000087b00000| PB 0x0000000087b00000| Untracked 
| 124|0x0000000087c00000, 0x0000000087c00000, 0x0000000087d00000|  0%| F|  |TAMS 0x0000000087c00000| PB 0x0000000087c00000| Untracked 
| 125|0x0000000087d00000, 0x0000000087d00000, 0x0000000087e00000|  0%| F|  |TAMS 0x0000000087d00000| PB 0x0000000087d00000| Untracked 
| 126|0x0000000087e00000, 0x0000000087e00000, 0x0000000087f00000|  0%| F|  |TAMS 0x0000000087e00000| PB 0x0000000087e00000| Untracked 
| 127|0x0000000087f00000, 0x0000000087f00000, 0x0000000088000000|  0%| F|  |TAMS 0x0000000087f00000| PB 0x0000000087f00000| Untracked 
| 128|0x0000000088000000, 0x0000000088000000, 0x0000000088100000|  0%| F|  |TAMS 0x0000000088000000| PB 0x0000000088000000| Untracked 
| 129|0x0000000088100000, 0x0000000088100000, 0x0000000088200000|  0%| F|  |TAMS 0x0000000088100000| PB 0x0000000088100000| Untracked 
| 130|0x0000000088200000, 0x0000000088200000, 0x0000000088300000|  0%| F|  |TAMS 0x0000000088200000| PB 0x0000000088200000| Untracked 
| 131|0x0000000088300000, 0x0000000088300000, 0x0000000088400000|  0%| F|  |TAMS 0x0000000088300000| PB 0x0000000088300000| Untracked 
| 132|0x0000000088400000, 0x0000000088400000, 0x0000000088500000|  0%| F|  |TAMS 0x0000000088400000| PB 0x0000000088400000| Untracked 
| 133|0x0000000088500000, 0x0000000088500000, 0x0000000088600000|  0%| F|  |TAMS 0x0000000088500000| PB 0x0000000088500000| Untracked 
| 134|0x0000000088600000, 0x0000000088600000, 0x0000000088700000|  0%| F|  |TAMS 0x0000000088600000| PB 0x0000000088600000| Untracked 
| 135|0x0000000088700000, 0x0000000088700000, 0x0000000088800000|  0%| F|  |TAMS 0x0000000088700000| PB 0x0000000088700000| Untracked 
| 136|0x0000000088800000, 0x0000000088800000, 0x0000000088900000|  0%| F|  |TAMS 0x0000000088800000| PB 0x0000000088800000| Untracked 
| 137|0x0000000088900000, 0x0000000088900000, 0x0000000088a00000|  0%| F|  |TAMS 0x0000000088900000| PB 0x0000000088900000| Untracked 
| 138|0x0000000088a00000, 0x0000000088a00000, 0x0000000088b00000|  0%| F|  |TAMS 0x0000000088a00000| PB 0x0000000088a00000| Untracked 
| 139|0x0000000088b00000, 0x0000000088b00000, 0x0000000088c00000|  0%| F|  |TAMS 0x0000000088b00000| PB 0x0000000088b00000| Untracked 
| 140|0x0000000088c00000, 0x0000000088c00000, 0x0000000088d00000|  0%| F|  |TAMS 0x0000000088c00000| PB 0x0000000088c00000| Untracked 
| 141|0x0000000088d00000, 0x0000000088d00000, 0x0000000088e00000|  0%| F|  |TAMS 0x0000000088d00000| PB 0x0000000088d00000| Untracked 
| 142|0x0000000088e00000, 0x0000000088e00000, 0x0000000088f00000|  0%| F|  |TAMS 0x0000000088e00000| PB 0x0000000088e00000| Untracked 
| 143|0x0000000088f00000, 0x0000000088f00000, 0x0000000089000000|  0%| F|  |TAMS 0x0000000088f00000| PB 0x0000000088f00000| Untracked 
| 144|0x0000000089000000, 0x0000000089000000, 0x0000000089100000|  0%| F|  |TAMS 0x0000000089000000| PB 0x0000000089000000| Untracked 
| 145|0x0000000089100000, 0x0000000089100000, 0x0000000089200000|  0%| F|  |TAMS 0x0000000089100000| PB 0x0000000089100000| Untracked 
| 146|0x0000000089200000, 0x0000000089200000, 0x0000000089300000|  0%| F|  |TAMS 0x0000000089200000| PB 0x0000000089200000| Untracked 
|2043|0x00000000ffb00000, 0x00000000ffc00000, 0x00000000ffc00000|100%| O|  |TAMS 0x00000000ffb00000| PB 0x00000000ffb00000| Untracked 
|2044|0x00000000ffc00000, 0x00000000ffd00000, 0x00000000ffd00000|100%| O|  |TAMS 0x00000000ffc00000| PB 0x00000000ffc00000| Untracked 
|2045|0x00000000ffd00000, 0x00000000ffe00000, 0x00000000ffe00000|100%| O|Cm|TAMS 0x00000000ffd00000| PB 0x00000000ffd00000| Complete 
|2046|0x00000000ffe00000, 0x00000000fff00000, 0x00000000fff00000|100%| O|  |TAMS 0x00000000ffe00000| PB 0x00000000ffe00000| Untracked 
|2047|0x00000000fff00000, 0x0000000100000000, 0x0000000100000000|100%| O|  |TAMS 0x00000000fff00000| PB 0x00000000fff00000| Untracked 

Card table byte_map: [0x0000028a2c850000,0x0000028a2cc50000] _byte_map_base: 0x0000028a2c450000

Marking Bits: (CMBitMap*) 0x0000028a19699170
 Bits: [0x0000028a2cc50000, 0x0000028a2ec50000)

Polling page: 0x0000028a17e10000

Metaspace:

Usage:
  Non-class:     66.81 MB used.
      Class:     10.64 MB used.
       Both:     77.44 MB used.

Virtual space:
  Non-class space:      128.00 MB reserved,      67.81 MB ( 53%) committed,  2 nodes.
      Class space:        1.00 GB reserved,      11.69 MB (  1%) committed,  1 nodes.
             Both:        1.12 GB reserved,      79.50 MB (  7%) committed. 

Chunk freelists:
   Non-Class:  12.02 MB
       Class:  4.33 MB
        Both:  16.34 MB

MaxMetaspaceSize: unlimited
CompressedClassSpaceSize: 1.00 GB
Initial GC threshold: 21.00 MB
Current GC threshold: 130.62 MB
CDS: on
 - commit_granule_bytes: 65536.
 - commit_granule_words: 8192.
 - virtual_space_node_default_size: 8388608.
 - enlarge_chunks_in_place: 1.
 - use_allocation_guard: 0.


Internal statistics:

num_allocs_failed_limit: 15.
num_arena_births: 3752.
num_arena_deaths: 0.
num_vsnodes_births: 3.
num_vsnodes_deaths: 0.
num_space_committed: 1272.
num_space_uncommitted: 0.
num_chunks_returned_to_freelist: 15.
num_chunks_taken_from_freelist: 7453.
num_chunk_merges: 3.
num_chunk_splits: 4825.
num_chunks_enlarged: 2970.
num_inconsistent_stats: 0.

CodeHeap 'non-profiled nmethods': size=120000Kb used=5505Kb max_used=5505Kb free=114494Kb
 bounds [0x0000028a244b0000, 0x0000028a24a20000, 0x0000028a2b9e0000]
CodeHeap 'profiled nmethods': size=120000Kb used=17750Kb max_used=17851Kb free=102249Kb
 bounds [0x0000028a1c9e0000, 0x0000028a1db60000, 0x0000028a23f10000]
CodeHeap 'non-nmethods': size=5760Kb used=2833Kb max_used=2876Kb free=2926Kb
 bounds [0x0000028a23f10000, 0x0000028a241f0000, 0x0000028a244b0000]
 total_blobs=10533 nmethods=9594 adapters=843
 compilation: enabled
              stopped_count=0, restarted_count=0
 full_count=0

Compilation events (20 events):
Event: 152.498 Thread 0x0000028a31713f70 nmethod 11315 0x0000028a1d135e90 code [0x0000028a1d136040, 0x0000028a1d136210]
Event: 152.512 Thread 0x0000028a31712d60 nmethod 11314 0x0000028a24a0e810 code [0x0000028a24a0eae0, 0x0000028a24a0f750]
Event: 152.519 Thread 0x0000028a31713f70 11316       3       org.gradle.internal.snapshot.impl.DefaultIsolatableFactory$IsolatableVisitor::managedImmutableValue (6 bytes)
Event: 152.520 Thread 0x0000028a31713f70 nmethod 11316 0x0000028a1d8dca10 code [0x0000028a1d8dcbe0, 0x0000028a1d8dcff0]
Event: 152.520 Thread 0x0000028a31713f70 11317       3       org.gradle.internal.snapshot.impl.DefaultIsolatableFactory$IsolatableVisitor::managedImmutableValue (13 bytes)
Event: 152.521 Thread 0x0000028a31713f70 nmethod 11317 0x0000028a1d0f9190 code [0x0000028a1d0f9360, 0x0000028a1d0f9708]
Event: 152.521 Thread 0x0000028a31713f70 11318       3       java.lang.invoke.MethodHandle::viewAsType (33 bytes)
Event: 152.522 Thread 0x0000028a31713f70 nmethod 11318 0x0000028a1d0f8d10 code [0x0000028a1d0f8ec0, 0x0000028a1d0f90a0]
Event: 152.523 Thread 0x0000028a31713f70 11319       3       org.gradle.api.internal.DefaultDomainObjectCollection::withMutationDisabled (11 bytes)
Event: 152.523 Thread 0x0000028a31713f70 nmethod 11319 0x0000028a1d137590 code [0x0000028a1d137760, 0x0000028a1d137a00]
Event: 152.526 Thread 0x0000028a31713f70 11320       3       sun.net.www.protocol.jar.URLJarFile::isFileURL (50 bytes)
Event: 152.527 Thread 0x0000028a31713f70 nmethod 11320 0x0000028a1d123690 code [0x0000028a1d123880, 0x0000028a1d123c60]
Event: 152.529 Thread 0x0000028a31713f70 11321       3       org.gradle.util.Path::toString (5 bytes)
Event: 152.529 Thread 0x0000028a31713f70 nmethod 11321 0x0000028a1d365590 code [0x0000028a1d365740, 0x0000028a1d365980]
Event: 152.534 Thread 0x0000028a31713f70 11322       1       com.google.common.collect.SingletonImmutableBiMap::size (2 bytes)
Event: 152.534 Thread 0x0000028a31713f70 nmethod 11322 0x0000028a24a10210 code [0x0000028a24a103a0, 0x0000028a24a10468]
Event: 152.540 Thread 0x0000028a31713f70 11323       3       org.gradle.api.internal.project.DefaultProject::getIdentityPath (10 bytes)
Event: 152.541 Thread 0x0000028a31713f70 nmethod 11323 0x0000028a1d123290 code [0x0000028a1d123440, 0x0000028a1d1235c0]
Event: 152.541 Thread 0x0000028a31713f70 11324       3       java.util.concurrent.atomic.AtomicLong::addAndGet (14 bytes)
Event: 152.541 Thread 0x0000028a31713f70 nmethod 11324 0x0000028a1d7eca90 code [0x0000028a1d7ecc20, 0x0000028a1d7ecd40]

GC Heap History (20 events):
Event: 105.762 GC heap after
{Heap after GC invocations=25 (full 0):
 garbage-first heap   total 101376K, used 66087K [0x0000000080000000, 0x0000000100000000)
  region size 1024K, 1 young (1024K), 1 survivors (1024K)
 Metaspace       used 59913K, committed 61824K, reserved 1114112K
  class space    used 8360K, committed 9344K, reserved 1048576K
}
Event: 108.423 GC heap before
{Heap before GC invocations=26 (full 0):
 garbage-first heap   total 117760K, used 88615K [0x0000000080000000, 0x0000000100000000)
  region size 1024K, 20 young (20480K), 1 survivors (1024K)
 Metaspace       used 61216K, committed 63104K, reserved 1114112K
  class space    used 8527K, committed 9472K, reserved 1048576K
}
Event: 108.425 GC heap after
{Heap after GC invocations=27 (full 0):
 garbage-first heap   total 117760K, used 72273K [0x0000000080000000, 0x0000000100000000)
  region size 1024K, 3 young (3072K), 3 survivors (3072K)
 Metaspace       used 61216K, committed 63104K, reserved 1114112K
  class space    used 8527K, committed 9472K, reserved 1048576K
}
Event: 111.337 GC heap before
{Heap before GC invocations=27 (full 0):
 garbage-first heap   total 117760K, used 96849K [0x0000000080000000, 0x0000000100000000)
  region size 1024K, 28 young (28672K), 3 survivors (3072K)
 Metaspace       used 63537K, committed 65408K, reserved 1114112K
  class space    used 8760K, committed 9728K, reserved 1048576K
}
Event: 111.342 GC heap after
{Heap after GC invocations=28 (full 0):
 garbage-first heap   total 117760K, used 71845K [0x0000000080000000, 0x0000000100000000)
  region size 1024K, 3 young (3072K), 3 survivors (3072K)
 Metaspace       used 63537K, committed 65408K, reserved 1114112K
  class space    used 8760K, committed 9728K, reserved 1048576K
}
Event: 117.539 GC heap before
{Heap before GC invocations=28 (full 0):
 garbage-first heap   total 117760K, used 99493K [0x0000000080000000, 0x0000000100000000)
  region size 1024K, 30 young (30720K), 3 survivors (3072K)
 Metaspace       used 66215K, committed 68160K, reserved 1114112K
  class space    used 9151K, committed 10112K, reserved 1048576K
}
Event: 117.550 GC heap after
{Heap after GC invocations=29 (full 0):
 garbage-first heap   total 117760K, used 73036K [0x0000000080000000, 0x0000000100000000)
  region size 1024K, 2 young (2048K), 2 survivors (2048K)
 Metaspace       used 66215K, committed 68160K, reserved 1114112K
  class space    used 9151K, committed 10112K, reserved 1048576K
}
Event: 118.951 GC heap before
{Heap before GC invocations=30 (full 0):
 garbage-first heap   total 122880K, used 107852K [0x0000000080000000, 0x0000000100000000)
  region size 1024K, 30 young (30720K), 2 survivors (2048K)
 Metaspace       used 67337K, committed 69376K, reserved 1114112K
  class space    used 9344K, committed 10368K, reserved 1048576K
}
Event: 118.957 GC heap after
{Heap after GC invocations=31 (full 0):
 garbage-first heap   total 122880K, used 79091K [0x0000000080000000, 0x0000000100000000)
  region size 1024K, 4 young (4096K), 4 survivors (4096K)
 Metaspace       used 67337K, committed 69376K, reserved 1114112K
  class space    used 9344K, committed 10368K, reserved 1048576K
}
Event: 120.806 GC heap before
{Heap before GC invocations=31 (full 0):
 garbage-first heap   total 122880K, used 107763K [0x0000000080000000, 0x0000000100000000)
  region size 1024K, 32 young (32768K), 4 survivors (4096K)
 Metaspace       used 69291K, committed 71360K, reserved 1114112K
  class space    used 9600K, committed 10624K, reserved 1048576K
}
Event: 120.815 GC heap after
{Heap after GC invocations=32 (full 0):
 garbage-first heap   total 122880K, used 81257K [0x0000000080000000, 0x0000000100000000)
  region size 1024K, 3 young (3072K), 3 survivors (3072K)
 Metaspace       used 69291K, committed 71360K, reserved 1114112K
  class space    used 9600K, committed 10624K, reserved 1048576K
}
Event: 122.947 GC heap before
{Heap before GC invocations=32 (full 0):
 garbage-first heap   total 122880K, used 108905K [0x0000000080000000, 0x0000000100000000)
  region size 1024K, 30 young (30720K), 3 survivors (3072K)
 Metaspace       used 71197K, committed 73280K, reserved 1114112K
  class space    used 9833K, committed 10880K, reserved 1048576K
}
Event: 122.961 GC heap after
{Heap after GC invocations=33 (full 0):
 garbage-first heap   total 122880K, used 82972K [0x0000000080000000, 0x0000000100000000)
  region size 1024K, 2 young (2048K), 2 survivors (2048K)
 Metaspace       used 71197K, committed 73280K, reserved 1114112K
  class space    used 9833K, committed 10880K, reserved 1048576K
}
Event: 126.649 GC heap before
{Heap before GC invocations=34 (full 0):
 garbage-first heap   total 140288K, used 110620K [0x0000000080000000, 0x0000000100000000)
  region size 1024K, 29 young (29696K), 2 survivors (2048K)
 Metaspace       used 74365K, committed 76416K, reserved 1114112K
  class space    used 10248K, committed 11328K, reserved 1048576K
}
Event: 126.658 GC heap after
{Heap after GC invocations=35 (full 0):
 garbage-first heap   total 140288K, used 84136K [0x0000000080000000, 0x0000000100000000)
  region size 1024K, 3 young (3072K), 3 survivors (3072K)
 Metaspace       used 74365K, committed 76416K, reserved 1114112K
  class space    used 10248K, committed 11328K, reserved 1048576K
}
Event: 134.476 GC heap before
{Heap before GC invocations=35 (full 0):
 garbage-first heap   total 140288K, used 127144K [0x0000000080000000, 0x0000000100000000)
  region size 1024K, 43 young (44032K), 3 survivors (3072K)
 Metaspace       used 77277K, committed 79424K, reserved 1179648K
  class space    used 10628K, committed 11712K, reserved 1048576K
}
Event: 134.589 GC heap after
{Heap after GC invocations=36 (full 0):
 garbage-first heap   total 140288K, used 88523K [0x0000000080000000, 0x0000000100000000)
  region size 1024K, 5 young (5120K), 5 survivors (5120K)
 Metaspace       used 77277K, committed 79424K, reserved 1179648K
  class space    used 10628K, committed 11712K, reserved 1048576K
}
Event: 143.595 GC heap before
{Heap before GC invocations=36 (full 0):
 garbage-first heap   total 140288K, used 125387K [0x0000000080000000, 0x0000000100000000)
  region size 1024K, 41 young (41984K), 5 survivors (5120K)
 Metaspace       used 78110K, committed 80256K, reserved 1179648K
  class space    used 10743K, committed 11840K, reserved 1048576K
}
Event: 143.649 GC heap after
{Heap after GC invocations=37 (full 0):
 garbage-first heap   total 140288K, used 92772K [0x0000000080000000, 0x0000000100000000)
  region size 1024K, 6 young (6144K), 6 survivors (6144K)
 Metaspace       used 78110K, committed 80256K, reserved 1179648K
  class space    used 10743K, committed 11840K, reserved 1048576K
}
Event: 152.558 GC heap before
{Heap before GC invocations=38 (full 0):
 garbage-first heap   total 155648K, used 124516K [0x0000000080000000, 0x0000000100000000)
  region size 1024K, 37 young (37888K), 6 survivors (6144K)
 Metaspace       used 79302K, committed 81408K, reserved 1179648K
  class space    used 10893K, committed 11968K, reserved 1048576K
}

Dll operation events (14 events):
Event: 0.170 Loaded shared library C:\Users\Lenovo\.cursor\extensions\redhat.java-1.39.0-win32-x64\jre\21.0.5-win32-x86_64\bin\java.dll
Event: 1.074 Loaded shared library C:\Users\Lenovo\.cursor\extensions\redhat.java-1.39.0-win32-x64\jre\21.0.5-win32-x86_64\bin\zip.dll
Event: 1.355 Loaded shared library C:\Users\Lenovo\.cursor\extensions\redhat.java-1.39.0-win32-x64\jre\21.0.5-win32-x86_64\bin\instrument.dll
Event: 1.471 Loaded shared library C:\Users\Lenovo\.cursor\extensions\redhat.java-1.39.0-win32-x64\jre\21.0.5-win32-x86_64\bin\net.dll
Event: 1.489 Loaded shared library C:\Users\Lenovo\.cursor\extensions\redhat.java-1.39.0-win32-x64\jre\21.0.5-win32-x86_64\bin\nio.dll
Event: 1.508 Loaded shared library C:\Users\Lenovo\.cursor\extensions\redhat.java-1.39.0-win32-x64\jre\21.0.5-win32-x86_64\bin\zip.dll
Event: 2.996 Loaded shared library C:\Users\Lenovo\.cursor\extensions\redhat.java-1.39.0-win32-x64\jre\21.0.5-win32-x86_64\bin\jimage.dll
Event: 3.922 Loaded shared library C:\Users\Lenovo\.cursor\extensions\redhat.java-1.39.0-win32-x64\jre\21.0.5-win32-x86_64\bin\verify.dll
Event: 4.862 Loaded shared library C:\Users\Lenovo\.gradle\native\c067742578af261105cb4f569cf0c3c89f3d7b1fecec35dd04571415982c5e48\windows-amd64\native-platform.dll
Event: 4.909 Loaded shared library C:\Users\Lenovo\.gradle\native\100fb08df4bc3b14c8652ba06237920a3bd2aa13389f12d3474272988ae205f9\windows-amd64\native-platform-file-events.dll
Event: 11.665 Loaded shared library C:\Users\Lenovo\.cursor\extensions\redhat.java-1.39.0-win32-x64\jre\21.0.5-win32-x86_64\bin\management.dll
Event: 11.688 Loaded shared library C:\Users\Lenovo\.cursor\extensions\redhat.java-1.39.0-win32-x64\jre\21.0.5-win32-x86_64\bin\management_ext.dll
Event: 14.971 Loaded shared library C:\Users\Lenovo\.cursor\extensions\redhat.java-1.39.0-win32-x64\jre\21.0.5-win32-x86_64\bin\extnet.dll
Event: 16.191 Loaded shared library C:\Users\Lenovo\.cursor\extensions\redhat.java-1.39.0-win32-x64\jre\21.0.5-win32-x86_64\bin\sunmscapi.dll

Deoptimization events (20 events):
Event: 140.904 Thread 0x0000028a3176a9c0 Uncommon trap: trap_request=0xffffffcc fr.pc=0x0000028a2492fd50 relative=0x0000000000000290
Event: 140.904 Thread 0x0000028a3176a9c0 Uncommon trap: reason=intrinsic_or_type_checked_inlining action=make_not_entrant pc=0x0000028a2492fd50 method=java.util.Arrays.copyOfRange([Ljava/lang/Object;IILjava/lang/Class;)[Ljava/lang/Object; @ 84 c2
Event: 140.904 Thread 0x0000028a3176a9c0 DEOPT PACKING pc=0x0000028a2492fd50 sp=0x000000e053bf65b0
Event: 140.904 Thread 0x0000028a3176a9c0 DEOPT UNPACKING pc=0x0000028a23f646a2 sp=0x000000e053bf6550 mode 2
Event: 140.907 Thread 0x0000028a3176a9c0 Uncommon trap: trap_request=0xffffff45 fr.pc=0x0000028a24647bfc relative=0x00000000000021dc
Event: 140.907 Thread 0x0000028a3176a9c0 Uncommon trap: reason=unstable_if action=reinterpret pc=0x0000028a24647bfc method=com.google.common.collect.MapMakerInternalMap$Segment.getEntry(Ljava/lang/Object;I)Lcom/google/common/collect/MapMakerInternalMap$InternalEntry; @ 40 c2
Event: 140.907 Thread 0x0000028a3176a9c0 DEOPT PACKING pc=0x0000028a24647bfc sp=0x000000e053bf6c20
Event: 140.907 Thread 0x0000028a3176a9c0 DEOPT UNPACKING pc=0x0000028a23f646a2 sp=0x000000e053bf6b28 mode 2
Event: 140.909 Thread 0x0000028a3176a9c0 Uncommon trap: trap_request=0xffffff45 fr.pc=0x0000028a246f93cc relative=0x000000000000046c
Event: 140.909 Thread 0x0000028a3176a9c0 Uncommon trap: reason=unstable_if action=reinterpret pc=0x0000028a246f93cc method=com.google.common.collect.MapMakerInternalMap$Segment.getEntry(Ljava/lang/Object;I)Lcom/google/common/collect/MapMakerInternalMap$InternalEntry; @ 40 c2
Event: 140.909 Thread 0x0000028a3176a9c0 DEOPT PACKING pc=0x0000028a246f93cc sp=0x000000e053bf6b70
Event: 140.909 Thread 0x0000028a3176a9c0 DEOPT UNPACKING pc=0x0000028a23f646a2 sp=0x000000e053bf6b20 mode 2
Event: 152.089 Thread 0x0000028a3176a9c0 DEOPT PACKING pc=0x0000028a1d09a39d sp=0x000000e053bf6c40
Event: 152.090 Thread 0x0000028a3176a9c0 DEOPT UNPACKING pc=0x0000028a23f64e42 sp=0x000000e053bf6190 mode 0
Event: 152.096 Thread 0x0000028a3176a9c0 DEOPT PACKING pc=0x0000028a1d09a3f5 sp=0x000000e053bf7ba0
Event: 152.096 Thread 0x0000028a3176a9c0 DEOPT UNPACKING pc=0x0000028a23f64e42 sp=0x000000e053bf70d8 mode 0
Event: 152.114 Thread 0x0000028a3176a9c0 DEOPT PACKING pc=0x0000028a1d09a3f5 sp=0x000000e053bf7bb0
Event: 152.114 Thread 0x0000028a3176a9c0 DEOPT UNPACKING pc=0x0000028a23f64e42 sp=0x000000e053bf70e8 mode 0
Event: 152.120 Thread 0x0000028a3176a9c0 DEOPT PACKING pc=0x0000028a1d09a3f5 sp=0x000000e053bf7480
Event: 152.120 Thread 0x0000028a3176a9c0 DEOPT UNPACKING pc=0x0000028a23f64e42 sp=0x000000e053bf69b8 mode 0

Classes loaded (20 events):
Event: 125.580 Loading class javax/management/NotificationFilter
Event: 125.580 Loading class javax/management/NotificationFilter done
Event: 125.580 Loading class javax/management/ListenerNotFoundException
Event: 125.581 Loading class javax/management/OperationsException
Event: 125.592 Loading class javax/management/JMException
Event: 125.608 Loading class javax/management/JMException done
Event: 125.614 Loading class javax/management/OperationsException done
Event: 125.619 Loading class javax/management/ListenerNotFoundException done
Event: 125.619 Loading class jdk/jfr/Recording
Event: 125.625 Loading class jdk/jfr/Recording done
Event: 125.625 Loading class jdk/jfr/FlightRecorder
Event: 125.629 Loading class jdk/jfr/FlightRecorder done
Event: 125.629 Loading class jdk/management/jfr/FlightRecorderMXBeanImpl$MXBeanListener
Event: 125.629 Loading class jdk/jfr/FlightRecorderListener
Event: 125.629 Loading class jdk/jfr/FlightRecorderListener done
Event: 125.629 Loading class jdk/management/jfr/FlightRecorderMXBeanImpl$MXBeanListener done
Event: 126.171 Loading class com/sun/jmx/mbeanserver/StandardMBeanSupport
Event: 126.171 Loading class com/sun/jmx/mbeanserver/StandardMBeanSupport done
Event: 126.171 Loading class com/sun/jmx/mbeanserver/StandardMBeanIntrospector
Event: 126.171 Loading class com/sun/jmx/mbeanserver/StandardMBeanIntrospector done

Classes unloaded (0 events):
No events

Classes redefined (0 events):
No events

Internal exceptions (20 events):
Event: 124.480 Thread 0x0000028a3176a9c0 Exception <a 'java/lang/NoSuchMethodError'{0x0000000087a423e0}: static Lorg/jetbrains/kotlin/gradle/plugin/internal/DefaultBasePluginConfigurationVariantFactory;.<clinit>()V> (0x0000000087a423e0) 
thrown [s\src\hotspot\share\prims\jni.cpp, line 1111]
Event: 124.484 Thread 0x0000028a3176a9c0 Exception <a 'java/lang/NoSuchMethodError'{0x0000000087a60970}: static Lorg/jetbrains/kotlin/gradle/plugin/internal/DefaultAttributeConfigurationHelperVariantFactory;.<clinit>()V> (0x0000000087a60970) 
thrown [s\src\hotspot\share\prims\jni.cpp, line 1111]
Event: 124.794 Thread 0x0000028a3176a9c0 Exception <a 'java/lang/IncompatibleClassChangeError'{0x00000000879f7be8}: Found class java.lang.Object, but interface was expected> (0x00000000879f7be8) 
thrown [s\src\hotspot\share\interpreter\linkResolver.cpp, line 840]
Event: 132.861 Thread 0x0000028a3176a9c0 Exception <a 'java/lang/NoSuchMethodError'{0x0000000085cf0378}: 'java.lang.Object java.lang.invoke.DirectMethodHandle$Holder.newInvokeSpecial(java.lang.Object, java.lang.Object, java.lang.Object, java.lang.Object, java.lang.Object, java.lang.Object, java.lang.Object, java.lang.Object, java.lang.Object, java.lang.Object, java.lang.Object, java.lang.Object, java.lang.Object, java.lang.Object, java.lang.Object, java.lang.Object, java.lang.Object, java.lang.Object, java.lang.Object, java.lang.Object, java.lang
Event: 137.058 Thread 0x0000028a3176a9c0 Exception <a 'java/lang/ClassNotFoundException'{0x00000000880fd860}: org/jetbrains/kotlin/gradle/targets/js/npm/DefaultNpmDependencyExtensionBeanInfo> (0x00000000880fd860) 
thrown [s\src\hotspot\share\classfile\systemDictionary.cpp, line 312]
Event: 137.061 Thread 0x0000028a3176a9c0 Exception <a 'java/lang/ClassNotFoundException'{0x0000000087f0d3a8}: org/jetbrains/kotlin/gradle/targets/js/npm/DefaultNpmDependencyExtensionCustomizer> (0x0000000087f0d3a8) 
thrown [s\src\hotspot\share\classfile\systemDictionary.cpp, line 312]
Event: 137.127 Thread 0x0000028a3176a9c0 Exception <a 'java/lang/ClassNotFoundException'{0x0000000087f9fd38}: org/jetbrains/kotlin/gradle/targets/js/npm/NpmDependencyExtensionKt$defaultNpmDependencyDelegate$1BeanInfo> (0x0000000087f9fd38) 
thrown [s\src\hotspot\share\classfile\systemDictionary.cpp, line 312]
Event: 137.129 Thread 0x0000028a3176a9c0 Exception <a 'java/lang/ClassNotFoundException'{0x0000000087faf5e8}: org/jetbrains/kotlin/gradle/targets/js/npm/NpmDependencyExtensionDelegateBeanInfo> (0x0000000087faf5e8) 
thrown [s\src\hotspot\share\classfile\systemDictionary.cpp, line 312]
Event: 137.133 Thread 0x0000028a3176a9c0 Exception <a 'java/lang/ClassNotFoundException'{0x0000000087fbee98}: org/jetbrains/kotlin/gradle/targets/js/npm/NpmDependencyExtensionDelegateCustomizer> (0x0000000087fbee98) 
thrown [s\src\hotspot\share\classfile\systemDictionary.cpp, line 312]
Event: 137.139 Thread 0x0000028a3176a9c0 Exception <a 'java/lang/ClassNotFoundException'{0x0000000087ff14e8}: org/jetbrains/kotlin/gradle/targets/js/npm/NpmDependencyExtensionKt$defaultNpmDependencyDelegate$1Customizer> (0x0000000087ff14e8) 
thrown [s\src\hotspot\share\classfile\systemDictionary.cpp, line 312]
Event: 137.152 Thread 0x0000028a3176a9c0 Exception <a 'java/lang/ClassNotFoundException'{0x0000000087e333d8}: org/jetbrains/kotlin/gradle/targets/js/npm/DefaultDevNpmDependencyExtensionBeanInfo> (0x0000000087e333d8) 
thrown [s\src\hotspot\share\classfile\systemDictionary.cpp, line 312]
Event: 137.155 Thread 0x0000028a3176a9c0 Exception <a 'java/lang/ClassNotFoundException'{0x0000000087e42ca0}: org/jetbrains/kotlin/gradle/targets/js/npm/DefaultDevNpmDependencyExtensionCustomizer> (0x0000000087e42ca0) 
thrown [s\src\hotspot\share\classfile\systemDictionary.cpp, line 312]
Event: 137.171 Thread 0x0000028a3176a9c0 Exception <a 'java/lang/ClassNotFoundException'{0x0000000087e8d938}: org/jetbrains/kotlin/gradle/targets/js/npm/DefaultPeerNpmDependencyExtensionBeanInfo> (0x0000000087e8d938) 
thrown [s\src\hotspot\share\classfile\systemDictionary.cpp, line 312]
Event: 137.175 Thread 0x0000028a3176a9c0 Exception <a 'java/lang/ClassNotFoundException'{0x0000000087e9d268}: org/jetbrains/kotlin/gradle/targets/js/npm/DefaultPeerNpmDependencyExtensionCustomizer> (0x0000000087e9d268) 
thrown [s\src\hotspot\share\classfile\systemDictionary.cpp, line 312]
Event: 137.190 Thread 0x0000028a3176a9c0 Exception <a 'java/lang/ClassNotFoundException'{0x0000000087ef10e8}: org/jetbrains/kotlin/gradle/targets/js/npm/DefaultPeerNpmDependencyExtension$delegate$1BeanInfo> (0x0000000087ef10e8) 
thrown [s\src\hotspot\share\classfile\systemDictionary.cpp, line 312]
Event: 137.192 Thread 0x0000028a3176a9c0 Exception <a 'java/lang/ClassNotFoundException'{0x0000000087d01050}: org/jetbrains/kotlin/gradle/targets/js/npm/DefaultPeerNpmDependencyExtension$delegate$1Customizer> (0x0000000087d01050) 
thrown [s\src\hotspot\share\classfile\systemDictionary.cpp, line 312]
Event: 137.557 Thread 0x0000028a3176a9c0 Exception <a 'java/lang/NoSuchMethodError'{0x0000000087db29a0}: static Lorg/jetbrains/kotlin/gradle/plugin/internal/DefaultIdeaSyncDetector$createIdeaPropertiesEvaluator$1;.<clinit>()V> (0x0000000087db29a0) 
thrown [s\src\hotspot\share\prims\jni.cpp, line 1111]
Event: 140.907 Thread 0x0000028a3176a9c0 Implicit null exception at 0x0000028a24646334 to 0x0000028a24647bc4
Event: 140.909 Thread 0x0000028a3176a9c0 Implicit null exception at 0x0000028a246f9094 to 0x0000028a246f9398
Event: 151.556 Thread 0x0000028a3176a9c0 Exception <a 'java/lang/NoSuchMethodError'{0x000000008885d318}: 'int java.lang.invoke.DirectMethodHandle$Holder.invokeSpecialIFC(java.lang.Object, java.lang.Object, java.lang.Object, java.lang.Object, java.lang.Object)'> (0x000000008885d318) 
thrown [s\src\hotspot\share\interpreter\linkResolver.cpp, line 773]

ZGC Phase Switch (0 events):
No events

VM Operations (20 events):
Event: 139.751 Executing VM operation: Cleanup done
Event: 140.755 Executing VM operation: Cleanup
Event: 140.756 Executing VM operation: Cleanup done
Event: 141.759 Executing VM operation: Cleanup
Event: 141.770 Executing VM operation: Cleanup done
Event: 142.771 Executing VM operation: Cleanup
Event: 142.773 Executing VM operation: Cleanup done
Event: 143.593 Executing VM operation: G1CollectForAllocation (G1 Evacuation Pause)
Event: 143.650 Executing VM operation: G1CollectForAllocation (G1 Evacuation Pause) done
Event: 144.662 Executing VM operation: Cleanup
Event: 144.680 Executing VM operation: Cleanup done
Event: 144.791 Executing VM operation: G1PauseRemark
Event: 144.940 Executing VM operation: G1PauseRemark done
Event: 145.006 Executing VM operation: G1PauseCleanup
Event: 145.008 Executing VM operation: G1PauseCleanup done
Event: 151.061 Executing VM operation: Cleanup
Event: 151.061 Executing VM operation: Cleanup done
Event: 152.075 Executing VM operation: Cleanup
Event: 152.076 Executing VM operation: Cleanup done
Event: 152.558 Executing VM operation: G1CollectForAllocation (G1 Evacuation Pause)

Memory protections (0 events):
No events

Nmethod flushes (20 events):
Event: 144.913 Thread 0x0000028a316e0ad0 flushing  nmethod 0x0000028a1d156510
Event: 144.917 Thread 0x0000028a316e0ad0 flushing  nmethod 0x0000028a1d7a6b10
Event: 144.917 Thread 0x0000028a316e0ad0 flushing  nmethod 0x0000028a24730090
Event: 144.917 Thread 0x0000028a316e0ad0 flushing  nmethod 0x0000028a248df610
Event: 144.917 Thread 0x0000028a316e0ad0 flushing  nmethod 0x0000028a1cb04a10
Event: 144.917 Thread 0x0000028a316e0ad0 flushing  nmethod 0x0000028a1cca8190
Event: 144.917 Thread 0x0000028a316e0ad0 flushing  nmethod 0x0000028a1cca9290
Event: 144.917 Thread 0x0000028a316e0ad0 flushing  nmethod 0x0000028a1d0bdd90
Event: 144.917 Thread 0x0000028a316e0ad0 flushing  nmethod 0x0000028a1d0c2c90
Event: 144.917 Thread 0x0000028a316e0ad0 flushing  nmethod 0x0000028a1d0c4290
Event: 144.917 Thread 0x0000028a316e0ad0 flushing  nmethod 0x0000028a1d0c4f10
Event: 144.917 Thread 0x0000028a316e0ad0 flushing  nmethod 0x0000028a1d0c5390
Event: 144.917 Thread 0x0000028a316e0ad0 flushing  nmethod 0x0000028a1d0c5810
Event: 144.917 Thread 0x0000028a316e0ad0 flushing  nmethod 0x0000028a1d0c5f10
Event: 144.917 Thread 0x0000028a316e0ad0 flushing  nmethod 0x0000028a1d10c610
Event: 144.918 Thread 0x0000028a316e0ad0 flushing  nmethod 0x0000028a1d11c310
Event: 144.918 Thread 0x0000028a316e0ad0 flushing  nmethod 0x0000028a1d7a0d90
Event: 144.918 Thread 0x0000028a316e0ad0 flushing  nmethod 0x0000028a24754610
Event: 144.918 Thread 0x0000028a316e0ad0 flushing  nmethod 0x0000028a1cce5c10
Event: 144.918 Thread 0x0000028a316e0ad0 flushing  nmethod 0x0000028a1d173b90

Events (20 events):
Event: 88.458 Thread 0x0000028a3176a9c0 Thread added: 0x0000028a792b1890
Event: 88.511 Thread 0x0000028a3176a9c0 Thread added: 0x0000028a792b3ff0
Event: 88.573 Thread 0x0000028a3176a9c0 Thread added: 0x0000028a792b4680
Event: 88.735 Thread 0x0000028a3176a9c0 Thread added: 0x0000028a792b2c40
Event: 88.802 Thread 0x0000028a3176a9c0 Thread added: 0x0000028a792b3960
Event: 88.861 Thread 0x0000028a3176a9c0 Thread added: 0x0000028a792b1f20
Event: 93.371 Thread 0x0000028a3176a9c0 Thread added: 0x0000028a7a9c0200
Event: 93.374 Thread 0x0000028a3176a9c0 Thread added: 0x0000028a7a9bee50
Event: 93.380 Thread 0x0000028a3176a9c0 Thread added: 0x0000028a7a9c0f20
Event: 93.382 Thread 0x0000028a3176a9c0 Thread added: 0x0000028a7a9bf4e0
Event: 93.384 Thread 0x0000028a3176a9c0 Thread added: 0x0000028a7a9bdaa0
Event: 93.386 Thread 0x0000028a3176a9c0 Thread added: 0x0000028a7a9bfb70
Event: 93.388 Thread 0x0000028a3176a9c0 Thread added: 0x0000028a7a9c0890
Event: 117.837 Thread 0x0000028a3176a9c0 Thread added: 0x0000028a7ad89870
Event: 126.467 Thread 0x0000028a3176a9c0 Thread added: 0x0000028a792b32d0
Event: 139.371 Thread 0x0000028a31b0f370 Thread exited: 0x0000028a31b0f370
Event: 150.450 Thread 0x0000028a31712d60 Thread added: 0x0000028a785e4920
Event: 151.112 Thread 0x0000028a785e4920 Thread exited: 0x0000028a785e4920
Event: 151.149 Thread 0x0000028a31713f70 Thread added: 0x0000028a785e2710
Event: 151.354 Thread 0x0000028a785e2710 Thread exited: 0x0000028a785e2710


Dynamic libraries:
0x00007ff703990000 - 0x00007ff70399e000 	C:\Users\Lenovo\.cursor\extensions\redhat.java-1.39.0-win32-x64\jre\21.0.5-win32-x86_64\bin\java.exe
0x00007fff246e0000 - 0x00007fff24943000 	C:\WINDOWS\SYSTEM32\ntdll.dll
0x00007fff23e20000 - 0x00007fff23ee7000 	C:\WINDOWS\System32\KERNEL32.DLL
0x00007fff22150000 - 0x00007fff22517000 	C:\WINDOWS\System32\KERNELBASE.dll
0x00007ffefc640000 - 0x00007ffefc658000 	C:\Users\Lenovo\.cursor\extensions\redhat.java-1.39.0-win32-x64\jre\21.0.5-win32-x86_64\bin\jli.dll
0x00007ffefc5a0000 - 0x00007ffefc5be000 	C:\Users\Lenovo\.cursor\extensions\redhat.java-1.39.0-win32-x64\jre\21.0.5-win32-x86_64\bin\VCRUNTIME140.dll
0x00007fff21da0000 - 0x00007fff21eec000 	C:\WINDOWS\System32\ucrtbase.dll
0x00007fff243a0000 - 0x00007fff24569000 	C:\WINDOWS\System32\USER32.dll
0x00007fff0cf10000 - 0x00007fff0d1a0000 	C:\WINDOWS\WinSxS\amd64_microsoft.windows.common-controls_6595b64144ccf1df_6.0.26100.3037_none_3e09262ce333c378\COMCTL32.dll
0x00007fff22120000 - 0x00007fff22147000 	C:\WINDOWS\System32\win32u.dll
0x00007fff23f10000 - 0x00007fff23fb9000 	C:\WINDOWS\System32\msvcrt.dll
0x00007fff23fe0000 - 0x00007fff2400a000 	C:\WINDOWS\System32\GDI32.dll
0x00007fff21b20000 - 0x00007fff21c4b000 	C:\WINDOWS\System32\gdi32full.dll
0x00007fff22070000 - 0x00007fff22113000 	C:\WINDOWS\System32\msvcp_win.dll
0x00007fff23a30000 - 0x00007fff23a5f000 	C:\WINDOWS\System32\IMM32.DLL
0x00007fff0c150000 - 0x00007fff0c15c000 	C:\Users\Lenovo\.cursor\extensions\redhat.java-1.39.0-win32-x64\jre\21.0.5-win32-x86_64\bin\vcruntime140_1.dll
0x00007ffee1ba0000 - 0x00007ffee1c2d000 	C:\Users\Lenovo\.cursor\extensions\redhat.java-1.39.0-win32-x64\jre\21.0.5-win32-x86_64\bin\msvcp140.dll
0x00007ffea7000000 - 0x00007ffea7d8f000 	C:\Users\Lenovo\.cursor\extensions\redhat.java-1.39.0-win32-x64\jre\21.0.5-win32-x86_64\bin\server\jvm.dll
0x00007fff240a0000 - 0x00007fff24154000 	C:\WINDOWS\System32\ADVAPI32.dll
0x00007fff23d70000 - 0x00007fff23e16000 	C:\WINDOWS\System32\sechost.dll
0x00007fff23810000 - 0x00007fff23926000 	C:\WINDOWS\System32\RPCRT4.dll
0x00007fff24620000 - 0x00007fff24694000 	C:\WINDOWS\System32\WS2_32.dll
0x00007fff21860000 - 0x00007fff218ae000 	C:\WINDOWS\SYSTEM32\POWRPROF.dll
0x00007fff147b0000 - 0x00007fff147e6000 	C:\WINDOWS\SYSTEM32\WINMM.dll
0x00007fff13de0000 - 0x00007fff13deb000 	C:\WINDOWS\SYSTEM32\VERSION.dll
0x00007fff21730000 - 0x00007fff21744000 	C:\WINDOWS\SYSTEM32\UMPDC.dll
0x00007fff208b0000 - 0x00007fff208ca000 	C:\WINDOWS\SYSTEM32\kernel.appcore.dll
0x00007ffeff320000 - 0x00007ffeff32a000 	C:\Users\Lenovo\.cursor\extensions\redhat.java-1.39.0-win32-x64\jre\21.0.5-win32-x86_64\bin\jimage.dll
0x00007fff1f4e0000 - 0x00007fff1f721000 	C:\WINDOWS\SYSTEM32\DBGHELP.DLL
0x00007fff22520000 - 0x00007fff2289e000 	C:\WINDOWS\System32\combase.dll
0x00007fff24160000 - 0x00007fff24236000 	C:\WINDOWS\System32\OLEAUT32.dll
0x00007fff09ab0000 - 0x00007fff09ae9000 	C:\WINDOWS\SYSTEM32\dbgcore.DLL
0x00007fff21a80000 - 0x00007fff21b19000 	C:\WINDOWS\System32\bcryptPrimitives.dll
0x00007ffefa9d0000 - 0x00007ffefa9df000 	C:\Users\Lenovo\.cursor\extensions\redhat.java-1.39.0-win32-x64\jre\21.0.5-win32-x86_64\bin\instrument.dll
0x00007ffefad80000 - 0x00007ffefad9f000 	C:\Users\Lenovo\.cursor\extensions\redhat.java-1.39.0-win32-x64\jre\21.0.5-win32-x86_64\bin\java.dll
0x00007fff230f0000 - 0x00007fff237f4000 	C:\WINDOWS\System32\SHELL32.dll
0x00007fff1f780000 - 0x00007fff1ffb7000 	C:\WINDOWS\SYSTEM32\windows.storage.dll
0x00007fff23930000 - 0x00007fff23a19000 	C:\WINDOWS\System32\SHCORE.dll
0x00007fff23040000 - 0x00007fff2309d000 	C:\WINDOWS\System32\shlwapi.dll
0x00007fff21990000 - 0x00007fff219be000 	C:\WINDOWS\SYSTEM32\profapi.dll
0x00007ffeecd00000 - 0x00007ffeecd18000 	C:\Users\Lenovo\.cursor\extensions\redhat.java-1.39.0-win32-x64\jre\21.0.5-win32-x86_64\bin\zip.dll
0x00007ffefd260000 - 0x00007ffefd270000 	C:\Users\Lenovo\.cursor\extensions\redhat.java-1.39.0-win32-x64\jre\21.0.5-win32-x86_64\bin\net.dll
0x00007fff1b9b0000 - 0x00007fff1bace000 	C:\WINDOWS\SYSTEM32\WINHTTP.dll
0x00007fff20dc0000 - 0x00007fff20e28000 	C:\WINDOWS\system32\mswsock.dll
0x00007ffee98e0000 - 0x00007ffee98f6000 	C:\Users\Lenovo\.cursor\extensions\redhat.java-1.39.0-win32-x64\jre\21.0.5-win32-x86_64\bin\nio.dll
0x00007ffefaaa0000 - 0x00007ffefaab0000 	C:\Users\Lenovo\.cursor\extensions\redhat.java-1.39.0-win32-x64\jre\21.0.5-win32-x86_64\bin\verify.dll
0x00007ffefab80000 - 0x00007ffefaba7000 	C:\Users\Lenovo\.gradle\native\c067742578af261105cb4f569cf0c3c89f3d7b1fecec35dd04571415982c5e48\windows-amd64\native-platform.dll
0x00007ffe9d900000 - 0x00007ffe9da44000 	C:\Users\Lenovo\.gradle\native\100fb08df4bc3b14c8652ba06237920a3bd2aa13389f12d3474272988ae205f9\windows-amd64\native-platform-file-events.dll
0x00007ffefccc0000 - 0x00007ffefccca000 	C:\Users\Lenovo\.cursor\extensions\redhat.java-1.39.0-win32-x64\jre\21.0.5-win32-x86_64\bin\management.dll
0x00007ffef72c0000 - 0x00007ffef72cb000 	C:\Users\Lenovo\.cursor\extensions\redhat.java-1.39.0-win32-x64\jre\21.0.5-win32-x86_64\bin\management_ext.dll
0x00007fff23fd0000 - 0x00007fff23fd8000 	C:\WINDOWS\System32\PSAPI.DLL
0x00007fff21060000 - 0x00007fff2107c000 	C:\WINDOWS\SYSTEM32\CRYPTSP.dll
0x00007fff20810000 - 0x00007fff20848000 	C:\WINDOWS\system32\rsaenh.dll
0x00007fff20e60000 - 0x00007fff20e8b000 	C:\WINDOWS\SYSTEM32\USERENV.dll
0x00007fff212a0000 - 0x00007fff212c6000 	C:\WINDOWS\SYSTEM32\bcrypt.dll
0x00007fff21080000 - 0x00007fff2108c000 	C:\WINDOWS\SYSTEM32\CRYPTBASE.dll
0x00007fff20320000 - 0x00007fff20352000 	C:\WINDOWS\SYSTEM32\IPHLPAPI.DLL
0x00007fff23fc0000 - 0x00007fff23fca000 	C:\WINDOWS\System32\NSI.dll
0x00007ffef5090000 - 0x00007ffef5099000 	C:\Users\Lenovo\.cursor\extensions\redhat.java-1.39.0-win32-x64\jre\21.0.5-win32-x86_64\bin\extnet.dll
0x00007ffef7030000 - 0x00007ffef703e000 	C:\Users\Lenovo\.cursor\extensions\redhat.java-1.39.0-win32-x64\jre\21.0.5-win32-x86_64\bin\sunmscapi.dll
0x00007fff21ef0000 - 0x00007fff22066000 	C:\WINDOWS\System32\CRYPT32.dll
0x00007fff21260000 - 0x00007fff21290000 	C:\WINDOWS\SYSTEM32\ncrypt.dll
0x00007fff21210000 - 0x00007fff2124f000 	C:\WINDOWS\SYSTEM32\NTASN1.dll
0x00007ffeb2b50000 - 0x00007ffeb2b58000 	C:\WINDOWS\system32\wshunix.dll

dbghelp: loaded successfully - version: 4.0.5 - missing functions: none
symbol engine: initialized successfully - sym options: 0x614 - pdb path: .;C:\Users\Lenovo\.cursor\extensions\redhat.java-1.39.0-win32-x64\jre\21.0.5-win32-x86_64\bin;C:\WINDOWS\SYSTEM32;C:\WINDOWS\WinSxS\amd64_microsoft.windows.common-controls_6595b64144ccf1df_6.0.26100.3037_none_3e09262ce333c378;C:\Users\Lenovo\.cursor\extensions\redhat.java-1.39.0-win32-x64\jre\21.0.5-win32-x86_64\bin\server;C:\Users\Lenovo\.gradle\native\c067742578af261105cb4f569cf0c3c89f3d7b1fecec35dd04571415982c5e48\windows-amd64;C:\Users\Lenovo\.gradle\native\100fb08df4bc3b14c8652ba06237920a3bd2aa13389f12d3474272988ae205f9\windows-amd64

VM Arguments:
jvm_args: --add-opens=java.base/java.util=ALL-UNNAMED --add-opens=java.base/java.lang=ALL-UNNAMED --add-opens=java.base/java.lang.invoke=ALL-UNNAMED --add-opens=java.prefs/java.util.prefs=ALL-UNNAMED --add-exports=jdk.compiler/com.sun.tools.javac.api=ALL-UNNAMED --add-exports=jdk.compiler/com.sun.tools.javac.util=ALL-UNNAMED --add-opens=java.base/java.nio.charset=ALL-UNNAMED --add-opens=java.base/java.net=ALL-UNNAMED --add-opens=java.base/java.util.concurrent.atomic=ALL-UNNAMED -Xmx2048m -Dfile.encoding=UTF-8 -Duser.country=ID -Duser.language=en -Duser.variant -javaagent:C:\Users\Lenovo\.gradle\wrapper\dists\gradle-8.10.2-bin\a04bxjujx95o3nb99gddekhwo\gradle-8.10.2\lib\agents\gradle-instrumentation-agent-8.10.2.jar 
java_command: org.gradle.launcher.daemon.bootstrap.GradleDaemon 8.10.2
java_class_path (initial): C:\Users\Lenovo\.gradle\wrapper\dists\gradle-8.10.2-bin\a04bxjujx95o3nb99gddekhwo\gradle-8.10.2\lib\gradle-daemon-main-8.10.2.jar
Launcher Type: SUN_STANDARD

[Global flags]
     intx CICompilerCount                          = 4                                         {product} {ergonomic}
     uint ConcGCThreads                            = 2                                         {product} {ergonomic}
     uint G1ConcRefinementThreads                  = 8                                         {product} {ergonomic}
   size_t G1HeapRegionSize                         = 1048576                                   {product} {ergonomic}
    uintx GCDrainStackTargetSize                   = 64                                        {product} {ergonomic}
   size_t InitialHeapSize                          = 96468992                                  {product} {ergonomic}
   size_t MarkStackSize                            = 4194304                                   {product} {ergonomic}
   size_t MaxHeapSize                              = 2147483648                                {product} {command line}
   size_t MaxNewSize                               = 1287651328                                {product} {ergonomic}
   size_t MinHeapDeltaBytes                        = 1048576                                   {product} {ergonomic}
   size_t MinHeapSize                              = 8388608                                   {product} {ergonomic}
    uintx NonNMethodCodeHeapSize                   = 5839372                                {pd product} {ergonomic}
    uintx NonProfiledCodeHeapSize                  = 122909434                              {pd product} {ergonomic}
    uintx ProfiledCodeHeapSize                     = 122909434                              {pd product} {ergonomic}
    uintx ReservedCodeCacheSize                    = 251658240                              {pd product} {ergonomic}
     bool SegmentedCodeCache                       = true                                      {product} {ergonomic}
   size_t SoftMaxHeapSize                          = 2147483648                             {manageable} {ergonomic}
     bool UseCompressedOops                        = true                           {product lp64_product} {ergonomic}
     bool UseG1GC                                  = true                                      {product} {ergonomic}
     bool UseLargePagesIndividualAllocation        = false                                  {pd product} {ergonomic}

Logging:
Log output configuration:
 #0: stdout all=warning uptime,level,tags foldmultilines=false
 #1: stderr all=off uptime,level,tags foldmultilines=false

Environment Variables:
JAVA_HOME=C:\Program Files\Zulu\zulu-23
PATH=C:\Program Files (x86)\Common Files\Oracle\Java\java8path;C:\Program Files (x86)\Common Files\Oracle\Java\javapath;C:\Program Files\Zulu\zulu-23\bin\;C:\WINDOWS\system32;C:\WINDOWS;C:\WINDOWS\System32\Wbem;C:\WINDOWS\System32\WindowsPowerShell\v1.0\;C:\WINDOWS\System32\OpenSSH\;C:\Users\Lenovo\AppData\Local\Microsoft\WindowsApps;C:\Program Files\gs\gs10.03.1\bin;C:\Users\Lenovo\AppData\Local\Pub\Cache\bin;C:\ProgramData\chocolatey\bin;C:\php-8.3.11;C:\ProgramData\ComposerSetup\bin;C:\Users\Lenovo\Documents\Flutter\Sdk\flutter\bin;C:\Program Files\Java\jdk-23\bin;C:\Program Files\Java\jre1.8.0_421\bin;C:\Program Files\nodejs\;C:\Program Files\MongoDB\Server\8.0\bin;C:\Program Files\MongoDB\mongosh-2.3.3-win32-x64\bin;C:\Pemograman\gradle-8.11.1\bin;C:\Pemograman\kotlinc\bin;C:\Program Files\Git\cmd;C:\WINDOWS\system32;C:\WINDOWS;C:\WINDOWS\System32\Wbem;C:\WINDOWS\System32\WindowsPowerShell\v1.0\;C:\WINDOWS\System32\OpenSSH\;C:\Program Files (x86)\Microsoft\Edge\Application;C:\Program Files\Zulu\zulu-23\bin\;C:\Program Files (x86)\Common Files\Oracle\Java\java8path;C:\Program Files (x86)\Common Files\Oracle\Java\javapath;C:\WINDOWS\system32;C:\WINDOWS;C:\WINDOWS\System32\Wbem;C:\WINDOWS\System32\WindowsPowerShell\v1.0\;C:\WINDOWS\System32\OpenSSH\;C:\Users\Lenovo\AppData\Local\Microsoft\WindowsApps;C:\Program Files\gs\gs10.03.1\bin;C:\Users\Lenovo\AppData\Local\Pub\Cache\bin;C:\ProgramData\chocolatey\bin;C:\php-8.3.11;C:\ProgramData\ComposerSetup\bin;C:\Users\Lenovo\Documents\Flutter\Sdk\flutter\bin;C:\Program Files\Java\jdk-23\bin;C:\Program Files\Java\jre1.8.0_421\bin;C:\Program Files\nodejs\;C:\Program Files\MongoDB\Server\8.0\bin;C:\Program Files\MongoDB\mongosh-2.3.3-win32-x64\bin;C:\Pemograman\gradle-8.11.1\bin;C:\Pemograman\kotlinc\bin;C:\Program Files\Git\cmd;C:\Users\Lenovo\AppData\Local\Temp\_MEI155922;C:\Users\Lenovo\AppData\Roaming\Composer\vendor\bin;C:\Users\Lenovo\AppData\Local\Programs\Microsoft VS Code\bin;C:\Users\Lenovo\AppData\Roaming\npm;C:\Users\Lenovo\AppData\Local\Programs\mongosh\;C:\Users\Lenovo\AppData\Local\JetBrains\Toolbox\scripts;;%USERPROFILE%\AppData\Local\Microsoft\WindowsApps
USERNAME=Lenovo
OS=Windows_NT
PROCESSOR_IDENTIFIER=AMD64 Family 23 Model 160 Stepping 0, AuthenticAMD
TMP=C:\Users\Lenovo\AppData\Local\Temp
TEMP=C:\Users\Lenovo\AppData\Local\Temp




Periodic native trim disabled

---------------  S Y S T E M  ---------------

OS:
 Windows 11 , 64 bit Build 26100 (10.0.26100.3037)
OS uptime: 0 days 3:55 hours
Hyper-V role detected

CPU: total 8 (initial active 8) (8 cores per cpu, 2 threads per core) family 23 model 160 stepping 0 microcode 0x8a00006, cx8, cmov, fxsr, ht, mmx, 3dnowpref, sse, sse2, sse3, ssse3, sse4a, sse4.1, sse4.2, popcnt, lzcnt, tsc, tscinvbit, avx, avx2, aes, clmul, bmi1, bmi2, adx, sha, fma, vzeroupper, clflush, clflushopt, hv, rdtscp, rdpid, f16c
Processor Information for all 8 processors :
  Max Mhz: 2401, Current Mhz: 2401, Mhz Limit: 2401

Memory: 4k page, system-wide physical 5877M (556M free)
TotalPageFile size 24309M (AvailPageFile size 255M)
current process WorkingSet (physical memory assigned to process): 167M, peak: 240M
current process commit charge ("private bytes"): 415M, peak: 446M

vm_info: OpenJDK 64-Bit Server VM (21.0.5+11-LTS) for windows-amd64 JRE (21.0.5+11-LTS), built on 2024-10-15T00:00:00Z by "admin" with MS VC++ 17.7 (VS2022)

END.
